Sjasm Z80 Assembler v0.42c - www.xl2s.tk             [2020.09.16 - 00:37:09]

src\level2.asm
Errors: 0

       1   00:0000                              output "level2.bin"
       2   00:D000                      
       3   00:D000  FE                      db   #fe               ; ID archivo binario, siempre hay que poner el mismo -1FEh
       4   00:D001  00 D0                   dw   INICIO            ; dirección de inicio
       5   00:D003  C0 D2                   dw   FINAL - 1         ; dirección final
       6   00:D005  00 D0                   dw   INICIO             ; dircción del programa de ejecución (para cuando pongas r en bload"nombre_programa", r)
       7   00:D007                      
       8   00:D007                          org #d000 ; o 57344, org se utiliza para decirle al z80 en que posición de memoria RAM empieza nuestro programa en ensamblador
       9   00:D000                      
      10   00:D000                      INICIO:
      11   00:D000  C9                      ret ; el ret es necesario para que vuelva al basic
      12   00:D001                          db 1,1,-1,-1,-1,-1,-1,-1,-1,-1,-1,-1,-1,-1,1,1,1,1,1,1,1,1,1,1,1,1,1,1,1,1,1,-1
      12   00:D001  01 01 FF FF FF FF FF FF FF FF FF FF FF FF 01 01 
      12   00:D011  01 01 01 01 01 01 01 01 01 01 01 01 01 01 01 FF 
      13   00:D021                          db -1,1,-1,-1,-1,-1,-1,-1,-1,-1,-1,-1,-1,-1,-1,-1,1,-1,-1,-1,-1,-1,1,-1,-1,-1,-1,-1,-1,-1,1,-1
      13   00:D021  FF 01 FF FF FF FF FF FF FF FF FF FF FF FF FF FF 
      13   00:D031  01 FF FF FF FF FF 01 FF FF FF FF FF FF FF 01 FF 
      14   00:D041                          db -1,1,-1,-1,-1,1,-1,-1,-1,-1,1,-1,-1,-1,1,-1,1,-1,-1,-1,-1,-1,1,-1,-1,1,-1,-1,-1,-1,1,-1
      14   00:D041  FF 01 FF FF FF 01 FF FF FF FF 01 FF FF FF 01 FF 
      14   00:D051  01 FF FF FF FF FF 01 FF FF 01 FF FF FF FF 01 FF 
      15   00:D061                          db -1,1,-1,-1,-1,1,-1,-1,1,1,1,-1,-1,-1,1,-1,1,-1,-1,-1,-1,-1,1,-1,-1,1,-1,-1,-1,-1,1,-1
      15   00:D061  FF 01 FF FF FF 01 FF FF 01 01 01 FF FF FF 01 FF 
      15   00:D071  01 FF FF FF FF FF 01 FF FF 01 FF FF FF FF 01 FF 
      16   00:D081                          db -1,1,-1,-1,-1,1,-1,-1,-1,-1,-1,-1,-1,-1,1,-1,-1,-1,-1,-1,-1,-1,-1,-1,-1,1,-1,-1,-1,-1,1,-1
      16   00:D081  FF 01 FF FF FF 01 FF FF FF FF FF FF FF FF 01 FF 
      16   00:D091  FF FF FF FF FF FF FF FF FF 01 FF FF FF FF 01 FF 
      17   00:D0A1                          db -1,1,-1,1,1,1,1,1,1,1,1,1,1,1,1,-1,-1,-1,-1,-1,-1,-1,-1,-1,-1,1,-1,-1,-1,-1,1,-1
      17   00:D0A1  FF 01 FF 01 01 01 01 01 01 01 01 01 01 01 01 FF 
      17   00:D0B1  FF FF FF FF FF FF FF FF FF 01 FF FF FF FF 01 FF 
      18   00:D0C1                          db -1,-1,-1,-1,-1,-1,-1,-1,-1,1,-1,-1,-1,-1,1,-1,-1,1,1,1,1,1,1,1,1,1,1,-1,-1,-1,1,-1
      18   00:D0C1  FF FF FF FF FF FF FF FF FF 01 FF FF FF FF 01 FF 
      18   00:D0D1  FF 01 01 01 01 01 01 01 01 01 01 FF FF FF 01 FF 
      19   00:D0E1                          db 1,1,1,1,-1,1,1,1,1,1,-1,-1,-1,-1,1,-1,-1,1,-1,-1,-1,-1,1,-1,-1,-1,-1,-1,-1,-1,1,-1
      19   00:D0E1  01 01 01 01 FF 01 01 01 01 01 FF FF FF FF 01 FF 
      19   00:D0F1  FF 01 FF FF FF FF 01 FF FF FF FF FF FF FF 01 FF 
      20   00:D101                          db -1,-1,-1,-1,-1,-1,-1,-1,-1,-1,1,-1,-1,-1,1,-1,-1,1,1,-1,-1,-1,-1,-1,-1,-1,1,-1,-1,1,1,-1
      20   00:D101  FF FF FF FF FF FF FF FF FF FF 01 FF FF FF 01 FF 
      20   00:D111  FF 01 01 FF FF FF FF FF FF FF 01 FF FF 01 01 FF 
      21   00:D121                          db -1,-1,-1,1,1,1,1,1,1,-1,-1,1,-1,1,1,1,1,1,1,-1,-1,-1,-1,-1,-1,-1,1,-1,-1,1,-1,-1
      21   00:D121  FF FF FF 01 01 01 01 01 01 FF FF 01 FF 01 01 01 
      21   00:D131  01 01 01 FF FF FF FF FF FF FF 01 FF FF 01 FF FF 
      22   00:D141                          db -1,-1,-1,-1,-1,-1,-1,-1,1,-1,1,1,-1,1,-1,-1,-1,-1,-1,1,-1,-1,1,-1,-1,-1,1,-1,-1,1,1,1
      22   00:D141  FF FF FF FF FF FF FF FF 01 FF 01 01 FF 01 FF FF 
      22   00:D151  FF FF FF 01 FF FF 01 FF FF FF 01 FF FF 01 01 01 
      23   00:D161                          db 1,1,1,1,1,1,1,-1,1,-1,-1,-1,-1,1,1,1,1,-1,-1,1,-1,-1,1,1,-1,1,1,-1,-1,-1,-1,-1
      23   00:D161  01 01 01 01 01 01 01 FF 01 FF FF FF FF 01 01 01 
      23   00:D171  01 FF FF 01 FF FF 01 01 FF 01 01 FF FF FF FF FF 
      24   00:D181                          db -1,-1,-1,-1,1,1,-1,-1,-1,-1,-1,-1,-1,1,-1,-1,1,1,1,1,1,-1,-1,1,-1,1,-1,-1,-1,-1,-1,-1
      24   00:D181  FF FF FF FF 01 01 FF FF FF FF FF FF FF 01 FF FF 
      24   00:D191  01 01 01 01 01 FF FF 01 FF 01 FF FF FF FF FF FF 
      25   00:D1A1                          db -1,-1,-1,1,1,-1,-1,1,1,1,1,1,-1,1,-1,-1,1,-1,-1,-1,1,-1,-1,1,-1,-1,-1,-1,-1,-1,-1,-1
      25   00:D1A1  FF FF FF 01 01 FF FF 01 01 01 01 01 FF 01 FF FF 
      25   00:D1B1  01 FF FF FF 01 FF FF 01 FF FF FF FF FF FF FF FF 
      26   00:D1C1                          db -1,-1,-1,1,-1,-1,1,1,-1,-1,-1,-1,-1,1,-1,-1,1,1,1,1,1,-1,-1,1,1,1,-1,-1,-1,-1,-1,-1
      26   00:D1C1  FF FF FF 01 FF FF 01 01 FF FF FF FF FF 01 FF FF 
      26   00:D1D1  01 01 01 01 01 FF FF 01 01 01 FF FF FF FF FF FF 
      27   00:D1E1                          db -1,-1,-1,-1,-1,1,-1,-1,-1,-1,-1,-1,1,-1,-1,-1,-1,-1,-1,-1,-1,-1,-1,1,1,1,-1,-1,1,-1,-1,-1
      27   00:D1E1  FF FF FF FF FF 01 FF FF FF FF FF FF 01 FF FF FF 
      27   00:D1F1  FF FF FF FF FF FF FF 01 01 01 FF FF 01 FF FF FF 
      28   00:D201                          db -1,-1,1,1,1,1,-1,1,-1,-1,-1,1,1,1,1,1,1,1,-1,1,1,1,1,1,1,1,1,1,1,1,1,1
      28   00:D201  FF FF 01 01 01 01 FF 01 FF FF FF 01 01 01 01 01 
      28   00:D211  01 01 FF 01 01 01 01 01 01 01 01 01 01 01 01 01 
      29   00:D221                          db 1,1,-1,-1,-1,-1,-1,1,1,1,1,1,-1,-1,-1,-1,-1,1,-1,-1,-1,-1,-1,-1,-1,-1,-1,-1,-1,-1,-1,-1
      29   00:D221  01 01 FF FF FF FF FF 01 01 01 01 01 FF FF FF FF 
      29   00:D231  FF 01 FF FF FF FF FF FF FF FF FF FF FF FF FF FF 
      30   00:D241                          db -1,-1,-1,1,1,1,1,1,-1,-1,-1,-1,-1,-1,-1,-1,-1,1,-1,-1,-1,-1,-1,-1,-1,-1,-1,-1,-1,-1,-1,-1
      30   00:D241  FF FF FF 01 01 01 01 01 FF FF FF FF FF FF FF FF 
      30   00:D251  FF 01 FF FF FF FF FF FF FF FF FF FF FF FF FF FF 
      31   00:D261                          db -1,-1,1,1,-1,-1,-1,-1,-1,-1,-1,-1,-1,-1,-1,-1,-1,1,-1,-1,1,1,1,1,1,1,1,-1,-1,-1,-1,-1
      31   00:D261  FF FF 01 01 FF FF FF FF FF FF FF FF FF FF FF FF 
      31   00:D271  FF 01 FF FF 01 01 01 01 01 01 01 FF FF FF FF FF 
      32   00:D281                          db 3,3,1,1,1,1,1,1,1,1,1,1,1,1,1,1,1,1,1,-1,1,-1,-1,-1,-1,-1,1,1,1,-1,-1,-1
      32   00:D281  03 03 01 01 01 01 01 01 01 01 01 01 01 01 01 01 
      32   00:D291  01 01 01 FF 01 FF FF FF FF FF 01 01 01 FF FF FF 
      33   00:D2A1                          db 3,3,-1,-1,-1,-1,-1,-1,-1,-1,-1,-1,-1,1,1,1,1,1,1,-1,-1,-1,-1,-1,-1,-1,-1,-1,-1,-1,-1,-1
      33   00:D2A1  03 03 FF FF FF FF FF FF FF FF FF FF FF 01 01 01 
      33   00:D2B1  01 01 01 FF FF FF FF FF FF FF FF FF FF FF FF FF 
      34   00:D2C1                      
      35   00:D2C1                      
      36   00:D2C1                      FINAL:

    LABELS
-------------------------------------------------
00:0000D000   INICIO
00:0000D2C1   FINAL


 Output: src\level2.out
-------------------------------------------------

 Page: 00
  Org: 0000D000  Size: *  Used: 00000000

    No output

 Output: level2.bin
-------------------------------------------------

 Page: 00
  Org: 0000D000  Size: *  Used: 000002C8

   Address   Length Align   Label
   0000D000     712         INICIO
