Sjasm Z80 Assembler v0.42c - www.xl2s.tk             [2020.09.16 - 06:00:44]

src\word0.asm
Errors: 0

       1   00:0000                              output "word0.bin"
       2   00:C000                      
       3   00:C000  FE                      db   #fe               ; ID archivo binario, siempre hay que poner el mismo -1FEh
       4   00:C001  00 C0                   dw   INICIO            ; dirección de inicio
       5   00:C003  80 D0                   dw   FINAL - 1         ; dirección final
       6   00:C005  00 C0                   dw   INICIO             ; dircción del programa de ejecución (para cuando pongas r en bload"nombre_programa", r)
       7   00:C007                      
       8   00:C007                          org #c000 ; o 57344, org se utiliza para decirle al z80 en que posición de memoria RAM empieza nuestro programa en ensamblador
       9   00:C000                      
      10   00:C000                      INICIO:
      11   00:C000  C9                      ret ; el ret es necesario para que vuelva al basic
      12   00:C001                      level0:
      13   00:C001                          db -1,-1,-1,-1,-1,-1,-1,-1,-1,-1,-1,-1,-1,-1,-1,-1,-1,-1,-1,-1,-1,-1,-1,-1,-1,-1,-1,-1,-1,3,3,1
      13   00:C001  FF FF FF FF FF FF FF FF FF FF FF FF FF FF FF FF 
      13   00:C011  FF FF FF FF FF FF FF FF FF FF FF FF FF 03 03 01 
      14   00:C021                          db -1,-1,-1,-1,1,1,1,1,1,1,1,1,1,1,1,1,1,1,1,1,1,1,1,1,1,1,1,1,1,3,3,1
      14   00:C021  FF FF FF FF 01 01 01 01 01 01 01 01 01 01 01 01 
      14   00:C031  01 01 01 01 01 01 01 01 01 01 01 01 01 03 03 01 
      15   00:C041                          db 1,-1,-1,-1,1,-1,-1,-1,-1,-1,-1,-1,-1,-1,-1,-1,-1,-1,-1,-1,-1,-1,-1,-1,-1,-1,-1,-1,-1,3,3,1
      15   00:C041  01 FF FF FF 01 FF FF FF FF FF FF FF FF FF FF FF 
      15   00:C051  FF FF FF FF FF FF FF FF FF FF FF FF FF 03 03 01 
      16   00:C061                          db 1,-1,-1,1,1,1,1,-1,-1,1,1,1,1,1,1,1,1,1,1,1,1,1,1,1,1,1,1,1,1,1,1,1
      16   00:C061  01 FF FF 01 01 01 01 FF FF 01 01 01 01 01 01 01 
      16   00:C071  01 01 01 01 01 01 01 01 01 01 01 01 01 01 01 01 
      17   00:C081                          db 1,-1,-1,1,-1,-1,1,-1,-1,-1,-1,-1,-1,-1,-1,-1,-1,-1,-1,-1,-1,-1,-1,-1,-1,-1,-1,-1,-1,-1,-1,1
      17   00:C081  01 FF FF 01 FF FF 01 FF FF FF FF FF FF FF FF FF 
      17   00:C091  FF FF FF FF FF FF FF FF FF FF FF FF FF FF FF 01 
      18   00:C0A1                          db 1,-1,-1,1,-1,-1,1,-1,-1,1,1,1,1,1,1,1,1,1,1,1,1,1,1,1,1,1,-1,-1,-1,-1,-1,1
      18   00:C0A1  01 FF FF 01 FF FF 01 FF FF 01 01 01 01 01 01 01 
      18   00:C0B1  01 01 01 01 01 01 01 01 01 01 FF FF FF FF FF 01 
      19   00:C0C1                          db 1,-1,-1,1,-1,-1,1,-1,-1,1,-1,-1,-1,-1,-1,-1,-1,-1,-1,-1,-1,-1,-1,-1,-1,1,-1,-1,1,-1,-1,1
      19   00:C0C1  01 FF FF 01 FF FF 01 FF FF 01 FF FF FF FF FF FF 
      19   00:C0D1  FF FF FF FF FF FF FF FF FF 01 FF FF 01 FF FF 01 
      20   00:C0E1                          db 1,-1,-1,1,-1,-1,1,-1,-1,1,1,1,1,-1,-1,-1,-1,-1,-1,-1,-1,-1,-1,-1,-1,1,-1,-1,1,-1,-1,1
      20   00:C0E1  01 FF FF 01 FF FF 01 FF FF 01 01 01 01 FF FF FF 
      20   00:C0F1  FF FF FF FF FF FF FF FF FF 01 FF FF 01 FF FF 01 
      21   00:C101                          db 1,-1,-1,1,-1,-1,1,-1,-1,-1,-1,-1,1,-1,-1,1,1,1,1,1,1,1,1,-1,-1,1,-1,-1,1,-1,-1,1
      21   00:C101  01 FF FF 01 FF FF 01 FF FF FF FF FF 01 FF FF 01 
      21   00:C111  01 01 01 01 01 01 01 FF FF 01 FF FF 01 FF FF 01 
      22   00:C121                          db 1,-1,-1,1,-1,-1,1,-1,-1,-1,-1,-1,1,-1,-1,-1,-1,-1,-1,-1,2,2,1,-1,-1,1,-1,-1,1,-1,-1,1
      22   00:C121  01 FF FF 01 FF FF 01 FF FF FF FF FF 01 FF FF FF 
      22   00:C131  FF FF FF FF 02 02 01 FF FF 01 FF FF 01 FF FF 01 
      23   00:C141                          db 1,-1,-1,1,-1,-1,1,1,1,1,-1,-1,1,-1,-1,-1,-1,-1,-1,-1,2,2,1,-1,-1,1,-1,-1,1,-1,-1,1
      23   00:C141  01 FF FF 01 FF FF 01 01 01 01 FF FF 01 FF FF FF 
      23   00:C151  FF FF FF FF 02 02 01 FF FF 01 FF FF 01 FF FF 01 
      24   00:C161                          db 1,-1,-1,-1,-1,-1,-1,-1,-1,1,-1,-1,1,1,1,1,1,1,1,1,1,1,1,-1,-1,1,-1,-1,1,-1,-1,1
      24   00:C161  01 FF FF FF FF FF FF FF FF 01 FF FF 01 01 01 01 
      24   00:C171  01 01 01 01 01 01 01 FF FF 01 FF FF 01 FF FF 01 
      25   00:C181                          db 1,-1,-1,-1,-1,-1,-1,-1,-1,1,-1,-1,-1,-1,-1,-1,-1,-1,-1,-1,-1,-1,1,-1,-1,1,-1,-1,1,-1,-1,1
      25   00:C181  01 FF FF FF FF FF FF FF FF 01 FF FF FF FF FF FF 
      25   00:C191  FF FF FF FF FF FF 01 FF FF 01 FF FF 01 FF FF 01 
      26   00:C1A1                          db 1,-1,-1,1,1,1,1,-1,-1,1,1,1,1,1,1,1,1,1,1,1,1,1,1,-1,-1,1,-1,-1,1,-1,-1,1
      26   00:C1A1  01 FF FF 01 01 01 01 FF FF 01 01 01 01 01 01 01 
      26   00:C1B1  01 01 01 01 01 01 01 FF FF 01 FF FF 01 FF FF 01 
      27   00:C1C1                          db 1,-1,-1,1,-1,-1,1,-1,-1,1,-1,-1,-1,-1,-1,-1,-1,-1,-1,-1,-1,-1,-1,-1,-1,1,-1,-1,1,-1,-1,1
      27   00:C1C1  01 FF FF 01 FF FF 01 FF FF 01 FF FF FF FF FF FF 
      27   00:C1D1  FF FF FF FF FF FF FF FF FF 01 FF FF 01 FF FF 01 
      28   00:C1E1                          db 1,-1,-1,1,-1,-1,1,-1,-1,1,-1,-1,-1,-1,-1,-1,-1,-1,-1,-1,-1,-1,-1,-1,-1,1,-1,-1,1,-1,-1,1
      28   00:C1E1  01 FF FF 01 FF FF 01 FF FF 01 FF FF FF FF FF FF 
      28   00:C1F1  FF FF FF FF FF FF FF FF FF 01 FF FF 01 FF FF 01 
      29   00:C201                          db 1,1,1,1,-1,-1,1,-1,-1,1,1,1,-1,-1,1,1,1,1,1,1,1,1,1,1,1,1,-1,-1,1,-1,-1,1
      29   00:C201  01 01 01 01 FF FF 01 FF FF 01 01 01 FF FF 01 01 
      29   00:C211  01 01 01 01 01 01 01 01 01 01 FF FF 01 FF FF 01 
      30   00:C221                          db 1,-1,-1,-1,-1,-1,-1,-1,-1,1,-1,-1,-1,-1,1,-1,-1,-1,-1,1,-1,-1,-1,-1,-1,-1,-1,-1,1,-1,-1,1
      30   00:C221  01 FF FF FF FF FF FF FF FF 01 FF FF FF FF 01 FF 
      30   00:C231  FF FF FF 01 FF FF FF FF FF FF FF FF 01 FF FF 01 
      31   00:C241                          db 1,-1,-1,-1,-1,-1,-1,-1,-1,1,-1,-1,-1,-1,1,-1,-1,-1,-1,1,-1,-1,-1,-1,-1,-1,-1,-1,1,-1,-1,1
      31   00:C241  01 FF FF FF FF FF FF FF FF 01 FF FF FF FF 01 FF 
      31   00:C251  FF FF FF 01 FF FF FF FF FF FF FF FF 01 FF FF 01 
      32   00:C261                          db 1,-1,-1,1,1,1,1,1,1,1,-1,-1,1,1,1,1,1,-1,-1,1,1,1,1,1,1,1,1,1,1,-1,-1,1
      32   00:C261  01 FF FF 01 01 01 01 01 01 01 FF FF 01 01 01 01 
      32   00:C271  01 FF FF 01 01 01 01 01 01 01 01 01 01 FF FF 01 
      33   00:C281                          db 1,-1,-1,-1,-1,-1,-1,-1,-1,-1,-1,-1,1,-1,-1,-1,-1,-1,-1,-1,-1,-1,-1,-1,-1,-1,-1,-1,-1,-1,-1,1
      33   00:C281  01 FF FF FF FF FF FF FF FF FF FF FF 01 FF FF FF 
      33   00:C291  FF FF FF FF FF FF FF FF FF FF FF FF FF FF FF 01 
      34   00:C2A1                          db 1,1,1,1,1,1,1,1,1,1,1,1,1,1,1,1,1,1,1,1,1,1,1,1,1,1,1,1,1,1,1,1
      34   00:C2A1  01 01 01 01 01 01 01 01 01 01 01 01 01 01 01 01 
      34   00:C2B1  01 01 01 01 01 01 01 01 01 01 01 01 01 01 01 01 
      35   00:C2C1                      level1:
      36   00:C2C1                          db -1,-1,-1,-1,-1,-1,-1,-1,-1,-1,-1,-1,-1,-1,-1,-1,-1,1,-1,-1,-1,-1,-1,-1,-1,-1,-1,-1,-1,-1,-1,-1
      36   00:C2C1  FF FF FF FF FF FF FF FF FF FF FF FF FF FF FF FF 
      36   00:C2D1  FF 01 FF FF FF FF FF FF FF FF FF FF FF FF FF FF 
      37   00:C2E1                          db -1,-1,1,1,-1,-1,-1,-1,-1,-1,-1,1,-1,-1,-1,-1,-1,1,-1,-1,-1,-1,-1,-1,-1,-1,-1,-1,-1,-1,-1,-1
      37   00:C2E1  FF FF 01 01 FF FF FF FF FF FF FF 01 FF FF FF FF 
      37   00:C2F1  FF 01 FF FF FF FF FF FF FF FF FF FF FF FF FF FF 
      38   00:C301                          db -1,-1,-1,1,1,-1,-1,-1,-1,-1,-1,1,1,1,1,1,1,1,-1,1,1,1,1,-1,-1,-1,-1,-1,-1,-1,-1,-1
      38   00:C301  FF FF FF 01 01 FF FF FF FF FF FF 01 01 01 01 01 
      38   00:C311  01 01 FF 01 01 01 01 FF FF FF FF FF FF FF FF FF 
      39   00:C321                          db -1,-1,-1,-1,1,1,1,-1,-1,-1,1,1,1,-1,-1,-1,-1,-1,-1,-1,1,1,1,-1,-1,-1,-1,-1,-1,1,-1,-1
      39   00:C321  FF FF FF FF 01 01 01 FF FF FF 01 01 01 FF FF FF 
      39   00:C331  FF FF FF FF 01 01 01 FF FF FF FF FF FF 01 FF FF 
      40   00:C341                          db -1,-1,-1,-1,-1,-1,1,1,-1,1,1,-1,-1,-1,-1,-1,-1,-1,-1,-1,-1,-1,1,1,-1,-1,-1,1,1,-1,-1,-1
      40   00:C341  FF FF FF FF FF FF 01 01 FF 01 01 FF FF FF FF FF 
      40   00:C351  FF FF FF FF FF FF 01 01 FF FF FF 01 01 FF FF FF 
      41   00:C361                          db -1,-1,-1,-1,-1,-1,-1,-1,1,1,1,1,1,1,-1,-1,-1,-1,-1,-1,-1,-1,-1,-1,1,1,1,-1,-1,-1,-1,-1
      41   00:C361  FF FF FF FF FF FF FF FF 01 01 01 01 01 01 FF FF 
      41   00:C371  FF FF FF FF FF FF FF FF 01 01 01 FF FF FF FF FF 
      42   00:C381                          db -1,-1,-1,-1,-1,-1,-1,1,1,-1,-1,-1,-1,1,1,1,1,1,1,1,1,1,1,-1,-1,1,1,-1,-1,-1,-1,-1
      42   00:C381  FF FF FF FF FF FF FF 01 01 FF FF FF FF 01 01 01 
      42   00:C391  01 01 01 01 01 01 01 FF FF 01 01 FF FF FF FF FF 
      43   00:C3A1                          db -1,-1,-1,-1,-1,-1,-1,-1,-1,-1,-1,-1,-1,-1,-1,-1,1,-1,-1,-1,-1,-1,-1,-1,-1,-1,1,-1,-1,-1,-1,-1
      43   00:C3A1  FF FF FF FF FF FF FF FF FF FF FF FF FF FF FF FF 
      43   00:C3B1  01 FF FF FF FF FF FF FF FF FF 01 FF FF FF FF FF 
      44   00:C3C1                          db -1,-1,-1,1,1,-1,1,1,-1,-1,-1,-1,2,2,-1,-1,1,-1,-1,2,2,-1,-1,-1,-1,-1,-1,1,1,1,1,-1
      44   00:C3C1  FF FF FF 01 01 FF 01 01 FF FF FF FF 02 02 FF FF 
      44   00:C3D1  01 FF FF 02 02 FF FF FF FF FF FF 01 01 01 01 FF 
      45   00:C3E1                          db -1,-1,1,1,1,1,1,-1,-1,-1,-1,-1,-1,-1,-1,-1,1,-1,-1,-1,-1,-1,-1,-1,-1,-1,-1,1,1,-1,1,-1
      45   00:C3E1  FF FF 01 01 01 01 01 FF FF FF FF FF FF FF FF FF 
      45   00:C3F1  01 FF FF FF FF FF FF FF FF FF FF 01 01 FF 01 FF 
      46   00:C401                          db -1,-1,1,-1,1,1,-1,-1,1,1,1,1,1,1,-1,-1,1,-1,-1,1,1,1,1,1,1,1,1,-1,1,-1,1,-1
      46   00:C401  FF FF 01 FF 01 01 FF FF 01 01 01 01 01 01 FF FF 
      46   00:C411  01 FF FF 01 01 01 01 01 01 01 01 FF 01 FF 01 FF 
      47   00:C421                          db -1,-1,1,-1,1,-1,-1,-1,-1,-1,-1,-1,1,-1,-1,-1,1,-1,-1,-1,-1,1,-1,-1,-1,-1,-1,-1,1,-1,1,-1
      47   00:C421  FF FF 01 FF 01 FF FF FF FF FF FF FF 01 FF FF FF 
      47   00:C431  01 FF FF FF FF 01 FF FF FF FF FF FF 01 FF 01 FF 
      48   00:C441                          db -1,-1,1,1,1,-1,-1,-1,-1,-1,-1,-1,1,-1,-1,1,1,1,-1,-1,-1,1,-1,-1,-1,-1,-1,-1,1,1,1,-1
      48   00:C441  FF FF 01 01 01 FF FF FF FF FF FF FF 01 FF FF 01 
      48   00:C451  01 01 FF FF FF 01 FF FF FF FF FF FF 01 01 01 FF 
      49   00:C461                          db -1,-1,-1,1,-1,-1,-1,-1,-1,-1,-1,-1,1,-1,-1,-1,-1,-1,-1,-1,-1,-1,-1,-1,-1,-1,-1,-1,1,1,-1,-1
      49   00:C461  FF FF FF 01 FF FF FF FF FF FF FF FF 01 FF FF FF 
      49   00:C471  FF FF FF FF FF FF FF FF FF FF FF FF 01 01 FF FF 
      50   00:C481                          db -1,-1,-1,1,-1,-1,-1,-1,-1,-1,-1,1,1,-1,-1,-1,-1,-1,-1,-1,-1,1,-1,-1,-1,-1,-1,-1,1,-1,-1,-1
      50   00:C481  FF FF FF 01 FF FF FF FF FF FF FF 01 01 FF FF FF 
      50   00:C491  FF FF FF FF FF 01 FF FF FF FF FF FF 01 FF FF FF 
      51   00:C4A1                          db -1,-1,-1,1,1,-1,-1,-1,-1,-1,-1,-1,1,1,-1,-1,-1,-1,-1,-1,1,1,-1,-1,-1,-1,-1,-1,1,-1,-1,-1
      51   00:C4A1  FF FF FF 01 01 FF FF FF FF FF FF FF 01 01 FF FF 
      51   00:C4B1  FF FF FF FF 01 01 FF FF FF FF FF FF 01 FF FF FF 
      52   00:C4C1                          db -1,-1,-1,-1,1,-1,-1,-1,-1,-1,-1,-1,-1,1,1,1,1,1,1,1,1,-1,-1,-1,-1,-1,-1,1,1,-1,-1,-1
      52   00:C4C1  FF FF FF FF 01 FF FF FF FF FF FF FF FF 01 01 01 
      52   00:C4D1  01 01 01 01 01 FF FF FF FF FF FF 01 01 FF FF FF 
      53   00:C4E1                          db -1,-1,-1,-1,1,1,-1,-1,-1,-1,-1,-1,-1,-1,-1,-1,-1,-1,-1,-1,-1,-1,-1,-1,-1,-1,-1,1,-1,-1,-1,-1
      53   00:C4E1  FF FF FF FF 01 01 FF FF FF FF FF FF FF FF FF FF 
      53   00:C4F1  FF FF FF FF FF FF FF FF FF FF FF 01 FF FF FF FF 
      54   00:C501                          db -1,-1,-1,-1,-1,1,1,1,-1,-1,-1,-1,-1,-1,-1,1,1,1,1,-1,-1,-1,-1,-1,-1,-1,1,1,-1,-1,-1,-1
      54   00:C501  FF FF FF FF FF 01 01 01 FF FF FF FF FF FF FF 01 
      54   00:C511  01 01 01 FF FF FF FF FF FF FF 01 01 FF FF FF FF 
      55   00:C521                          db -1,-1,-1,-1,-1,-1,-1,1,1,1,1,-1,-1,-1,-1,-1,-1,-1,1,-1,-1,-1,-1,-1,1,1,1,-1,-1,-1,-1,-1
      55   00:C521  FF FF FF FF FF FF FF 01 01 01 01 FF FF FF FF FF 
      55   00:C531  FF FF 01 FF FF FF FF FF 01 01 01 FF FF FF FF FF 
      56   00:C541                          db -1,-1,-1,-1,-1,-1,-1,-1,-1,-1,1,1,1,1,1,1,1,1,1,1,1,1,1,1,1,-1,-1,-1,3,3,3,3
      56   00:C541  FF FF FF FF FF FF FF FF FF FF 01 01 01 01 01 01 
      56   00:C551  01 01 01 01 01 01 01 01 01 FF FF FF 03 03 03 03 
      57   00:C561                          db -1,-1,-1,-1,-1,-1,-1,-1,-1,-1,-1,-1,-1,-1,-1,-1,-1,-1,-1,-1,-1,-1,-1,-1,-1,-1,-1,-1,3,3,3,3
      57   00:C561  FF FF FF FF FF FF FF FF FF FF FF FF FF FF FF FF 
      57   00:C571  FF FF FF FF FF FF FF FF FF FF FF FF 03 03 03 03 
      58   00:C581                      level2:
      59   00:C581                          db 1,1,-1,-1,-1,-1,-1,-1,-1,-1,-1,-1,-1,-1,1,1,1,1,1,1,1,1,1,1,1,1,1,1,1,1,1,-1
      59   00:C581  01 01 FF FF FF FF FF FF FF FF FF FF FF FF 01 01 
      59   00:C591  01 01 01 01 01 01 01 01 01 01 01 01 01 01 01 FF 
      60   00:C5A1                          db -1,1,-1,-1,-1,-1,-1,-1,-1,-1,-1,-1,-1,-1,-1,-1,1,-1,-1,-1,-1,-1,1,-1,-1,-1,-1,-1,-1,-1,1,-1
      60   00:C5A1  FF 01 FF FF FF FF FF FF FF FF FF FF FF FF FF FF 
      60   00:C5B1  01 FF FF FF FF FF 01 FF FF FF FF FF FF FF 01 FF 
      61   00:C5C1                          db -1,1,-1,-1,-1,1,-1,-1,-1,-1,1,-1,-1,-1,1,-1,1,-1,-1,-1,-1,-1,1,-1,-1,1,-1,-1,-1,-1,1,-1
      61   00:C5C1  FF 01 FF FF FF 01 FF FF FF FF 01 FF FF FF 01 FF 
      61   00:C5D1  01 FF FF FF FF FF 01 FF FF 01 FF FF FF FF 01 FF 
      62   00:C5E1                          db -1,1,-1,-1,-1,1,-1,-1,1,1,1,-1,-1,-1,1,-1,1,-1,-1,-1,-1,-1,1,-1,-1,1,-1,-1,-1,-1,1,-1
      62   00:C5E1  FF 01 FF FF FF 01 FF FF 01 01 01 FF FF FF 01 FF 
      62   00:C5F1  01 FF FF FF FF FF 01 FF FF 01 FF FF FF FF 01 FF 
      63   00:C601                          db -1,1,-1,-1,-1,1,-1,-1,-1,-1,-1,-1,-1,-1,1,-1,-1,-1,-1,-1,-1,-1,-1,-1,-1,1,-1,-1,-1,-1,1,-1
      63   00:C601  FF 01 FF FF FF 01 FF FF FF FF FF FF FF FF 01 FF 
      63   00:C611  FF FF FF FF FF FF FF FF FF 01 FF FF FF FF 01 FF 
      64   00:C621                          db -1,1,-1,1,1,1,1,1,1,1,1,1,1,1,1,-1,-1,-1,-1,-1,-1,-1,-1,-1,-1,1,-1,-1,-1,-1,1,-1
      64   00:C621  FF 01 FF 01 01 01 01 01 01 01 01 01 01 01 01 FF 
      64   00:C631  FF FF FF FF FF FF FF FF FF 01 FF FF FF FF 01 FF 
      65   00:C641                          db -1,-1,-1,-1,-1,-1,-1,-1,-1,1,-1,-1,-1,-1,1,-1,-1,1,1,1,1,1,1,1,1,1,1,-1,-1,-1,1,-1
      65   00:C641  FF FF FF FF FF FF FF FF FF 01 FF FF FF FF 01 FF 
      65   00:C651  FF 01 01 01 01 01 01 01 01 01 01 FF FF FF 01 FF 
      66   00:C661                          db 1,1,1,1,-1,1,1,1,1,1,-1,-1,-1,-1,1,-1,-1,1,-1,-1,-1,-1,1,-1,-1,-1,-1,-1,-1,-1,1,-1
      66   00:C661  01 01 01 01 FF 01 01 01 01 01 FF FF FF FF 01 FF 
      66   00:C671  FF 01 FF FF FF FF 01 FF FF FF FF FF FF FF 01 FF 
      67   00:C681                          db -1,-1,-1,-1,-1,-1,-1,-1,-1,-1,1,-1,-1,-1,1,-1,-1,1,1,-1,-1,-1,-1,-1,-1,-1,1,-1,-1,1,1,-1
      67   00:C681  FF FF FF FF FF FF FF FF FF FF 01 FF FF FF 01 FF 
      67   00:C691  FF 01 01 FF FF FF FF FF FF FF 01 FF FF 01 01 FF 
      68   00:C6A1                          db -1,-1,-1,1,1,1,1,1,1,-1,-1,1,-1,1,1,1,1,1,1,-1,-1,-1,-1,-1,-1,-1,1,-1,-1,1,-1,-1
      68   00:C6A1  FF FF FF 01 01 01 01 01 01 FF FF 01 FF 01 01 01 
      68   00:C6B1  01 01 01 FF FF FF FF FF FF FF 01 FF FF 01 FF FF 
      69   00:C6C1                          db -1,-1,-1,-1,-1,-1,-1,-1,1,-1,1,1,-1,1,-1,-1,-1,-1,-1,1,-1,-1,1,-1,-1,-1,1,-1,-1,1,1,1
      69   00:C6C1  FF FF FF FF FF FF FF FF 01 FF 01 01 FF 01 FF FF 
      69   00:C6D1  FF FF FF 01 FF FF 01 FF FF FF 01 FF FF 01 01 01 
      70   00:C6E1                          db 1,1,1,1,1,1,1,-1,1,-1,-1,-1,-1,1,1,1,1,-1,-1,1,-1,-1,1,1,-1,1,1,-1,-1,-1,-1,-1
      70   00:C6E1  01 01 01 01 01 01 01 FF 01 FF FF FF FF 01 01 01 
      70   00:C6F1  01 FF FF 01 FF FF 01 01 FF 01 01 FF FF FF FF FF 
      71   00:C701                          db -1,-1,-1,-1,1,1,-1,-1,-1,-1,-1,-1,-1,1,-1,-1,1,1,1,1,1,-1,-1,1,-1,1,-1,-1,-1,-1,-1,-1
      71   00:C701  FF FF FF FF 01 01 FF FF FF FF FF FF FF 01 FF FF 
      71   00:C711  01 01 01 01 01 FF FF 01 FF 01 FF FF FF FF FF FF 
      72   00:C721                          db -1,-1,-1,1,1,-1,-1,1,1,1,1,1,-1,1,-1,-1,1,-1,-1,-1,1,-1,-1,1,-1,-1,-1,-1,-1,-1,-1,-1
      72   00:C721  FF FF FF 01 01 FF FF 01 01 01 01 01 FF 01 FF FF 
      72   00:C731  01 FF FF FF 01 FF FF 01 FF FF FF FF FF FF FF FF 
      73   00:C741                          db -1,-1,-1,1,-1,-1,1,1,-1,-1,-1,-1,-1,1,-1,-1,1,1,1,1,1,-1,-1,1,1,1,-1,-1,-1,-1,-1,-1
      73   00:C741  FF FF FF 01 FF FF 01 01 FF FF FF FF FF 01 FF FF 
      73   00:C751  01 01 01 01 01 FF FF 01 01 01 FF FF FF FF FF FF 
      74   00:C761                          db -1,-1,-1,-1,-1,1,-1,-1,-1,-1,-1,-1,1,-1,-1,-1,-1,-1,-1,-1,-1,-1,-1,1,1,1,-1,-1,1,-1,-1,-1
      74   00:C761  FF FF FF FF FF 01 FF FF FF FF FF FF 01 FF FF FF 
      74   00:C771  FF FF FF FF FF FF FF 01 01 01 FF FF 01 FF FF FF 
      75   00:C781                          db -1,-1,1,1,1,1,-1,1,-1,-1,-1,1,1,1,1,1,1,1,-1,1,1,1,1,1,1,1,1,1,1,1,1,1
      75   00:C781  FF FF 01 01 01 01 FF 01 FF FF FF 01 01 01 01 01 
      75   00:C791  01 01 FF 01 01 01 01 01 01 01 01 01 01 01 01 01 
      76   00:C7A1                          db 1,1,-1,-1,-1,-1,-1,1,1,1,1,1,-1,-1,-1,-1,-1,1,-1,-1,-1,-1,-1,-1,-1,-1,-1,-1,-1,-1,-1,-1
      76   00:C7A1  01 01 FF FF FF FF FF 01 01 01 01 01 FF FF FF FF 
      76   00:C7B1  FF 01 FF FF FF FF FF FF FF FF FF FF FF FF FF FF 
      77   00:C7C1                          db -1,-1,-1,1,1,1,1,1,-1,-1,-1,-1,-1,-1,-1,-1,-1,1,-1,-1,-1,-1,-1,-1,-1,-1,-1,-1,-1,-1,-1,-1
      77   00:C7C1  FF FF FF 01 01 01 01 01 FF FF FF FF FF FF FF FF 
      77   00:C7D1  FF 01 FF FF FF FF FF FF FF FF FF FF FF FF FF FF 
      78   00:C7E1                          db -1,-1,1,1,-1,-1,-1,-1,-1,-1,-1,-1,-1,-1,-1,-1,-1,1,-1,-1,1,1,1,1,1,1,1,-1,-1,-1,-1,-1
      78   00:C7E1  FF FF 01 01 FF FF FF FF FF FF FF FF FF FF FF FF 
      78   00:C7F1  FF 01 FF FF 01 01 01 01 01 01 01 FF FF FF FF FF 
      79   00:C801                          db 3,3,1,1,1,1,1,1,1,1,1,1,1,1,1,1,1,1,1,-1,1,-1,-1,-1,-1,-1,1,1,1,-1,-1,-1
      79   00:C801  03 03 01 01 01 01 01 01 01 01 01 01 01 01 01 01 
      79   00:C811  01 01 01 FF 01 FF FF FF FF FF 01 01 01 FF FF FF 
      80   00:C821                          db 3,3,-1,-1,-1,-1,-1,-1,-1,-1,-1,-1,-1,1,1,1,1,1,1,-1,-1,-1,-1,-1,-1,-1,-1,-1,-1,-1,-1,-1
      80   00:C821  03 03 FF FF FF FF FF FF FF FF FF FF FF 01 01 01 
      80   00:C831  01 01 01 FF FF FF FF FF FF FF FF FF FF FF FF FF 
      81   00:C841                      level3:
      82   00:C841                          db -1,-1,-1,-1,-1,-1,-1,-1,-1,-1,-1,-1,-1,-1,-1,-1,-1,-1,-1,-1,-1,-1,-1,-1,-1,-1,-1,-1,-1,-1,-1,-1
      82   00:C841  FF FF FF FF FF FF FF FF FF FF FF FF FF FF FF FF 
      82   00:C851  FF FF FF FF FF FF FF FF FF FF FF FF FF FF FF FF 
      83   00:C861                          db 1,1,1,1,1,1,1,1,1,1,1,1,1,1,1,1,1,1,1,1,1,1,1,1,1,1,1,1,1,-1,-1,-1
      83   00:C861  01 01 01 01 01 01 01 01 01 01 01 01 01 01 01 01 
      83   00:C871  01 01 01 01 01 01 01 01 01 01 01 01 01 FF FF FF 
      84   00:C881                          db 3,3,-1,1,-1,-1,-1,1,-1,-1,-1,-1,1,-1,-1,1,-1,1,1,1,1,1,1,1,-1,-1,-1,-1,-1,-1,-1,-1
      84   00:C881  03 03 FF 01 FF FF FF 01 FF FF FF FF 01 FF FF 01 
      84   00:C891  FF 01 01 01 01 01 01 01 FF FF FF FF FF FF FF FF 
      85   00:C8A1                          db 3,3,-1,1,-1,-1,-1,1,-1,-1,-1,-1,1,-1,-1,1,-1,-1,-1,-1,-1,-1,1,-1,-1,-1,-1,-1,1,-1,-1,-1
      85   00:C8A1  03 03 FF 01 FF FF FF 01 FF FF FF FF 01 FF FF 01 
      85   00:C8B1  FF FF FF FF FF FF 01 FF FF FF FF FF 01 FF FF FF 
      86   00:C8C1                          db -1,-1,-1,1,-1,-1,1,1,-1,-1,-1,-1,1,-1,-1,1,-1,-1,-1,-1,-1,-1,1,-1,-1,-1,-1,-1,1,-1,-1,-1
      86   00:C8C1  FF FF FF 01 FF FF 01 01 FF FF FF FF 01 FF FF 01 
      86   00:C8D1  FF FF FF FF FF FF 01 FF FF FF FF FF 01 FF FF FF 
      87   00:C8E1                          db -1,-1,-1,1,-1,-1,-1,-1,1,-1,-1,-1,-1,-1,-1,1,-1,-1,-1,-1,-1,-1,1,-1,-1,-1,-1,-1,1,-1,-1,-1
      87   00:C8E1  FF FF FF 01 FF FF FF FF 01 FF FF FF FF FF FF 01 
      87   00:C8F1  FF FF FF FF FF FF 01 FF FF FF FF FF 01 FF FF FF 
      88   00:C901                          db -1,-1,-1,-1,-1,-1,-1,-1,1,-1,-1,-1,-1,-1,-1,1,-1,-1,-1,-1,-1,-1,-1,-1,-1,-1,-1,-1,1,-1,-1,-1
      88   00:C901  FF FF FF FF FF FF FF FF 01 FF FF FF FF FF FF 01 
      88   00:C911  FF FF FF FF FF FF FF FF FF FF FF FF 01 FF FF FF 
      89   00:C921                          db 1,1,1,1,-1,-1,-1,-1,1,-1,-1,-1,1,-1,-1,-1,1,-1,-1,-1,-1,-1,1,1,1,1,1,1,1,1,1,-1
      89   00:C921  01 01 01 01 FF FF FF FF 01 FF FF FF 01 FF FF FF 
      89   00:C931  01 FF FF FF FF FF 01 01 01 01 01 01 01 01 01 FF 
      90   00:C941                          db -1,-1,-1,-1,-1,-1,1,1,1,-1,-1,-1,1,-1,-1,-1,1,-1,1,1,1,-1,-1,1,1,-1,-1,-1,1,-1,-1,-1
      90   00:C941  FF FF FF FF FF FF 01 01 01 FF FF FF 01 FF FF FF 
      90   00:C951  01 FF 01 01 01 FF FF 01 01 FF FF FF 01 FF FF FF 
      91   00:C961                          db 1,1,-1,1,-1,-1,-1,1,-1,-1,-1,-1,1,-1,-1,-1,1,1,1,-1,-1,-1,-1,1,1,-1,-1,-1,1,-1,-1,-1
      91   00:C961  01 01 FF 01 FF FF FF 01 FF FF FF FF 01 FF FF FF 
      91   00:C971  01 01 01 FF FF FF FF 01 01 FF FF FF 01 FF FF FF 
      92   00:C981                          db -1,-1,-1,1,1,1,-1,1,-1,-1,-1,-1,1,-1,-1,-1,1,1,1,-1,-1,-1,-1,1,1,1,1,1,1,-1,-1,-1
      92   00:C981  FF FF FF 01 01 01 FF 01 FF FF FF FF 01 FF FF FF 
      92   00:C991  01 01 01 FF FF FF FF 01 01 01 01 01 01 FF FF FF 
      93   00:C9A1                          db -1,-1,-1,-1,-1,1,-1,1,-1,-1,-1,-1,1,-1,-1,-1,1,-1,1,1,-1,-1,-1,1,1,-1,-1,-1,1,-1,-1,-1
      93   00:C9A1  FF FF FF FF FF 01 FF 01 FF FF FF FF 01 FF FF FF 
      93   00:C9B1  01 FF 01 01 FF FF FF 01 01 FF FF FF 01 FF FF FF 
      94   00:C9C1                          db 1,1,1,1,-1,-1,-1,1,-1,-1,-1,-1,1,-1,-1,-1,1,-1,-1,1,1,-1,-1,1,1,-1,-1,-1,-1,-1,-1,-1
      94   00:C9C1  01 01 01 01 FF FF FF 01 FF FF FF FF 01 FF FF FF 
      94   00:C9D1  01 FF FF 01 01 FF FF 01 01 FF FF FF FF FF FF FF 
      95   00:C9E1                          db -1,-1,-1,-1,-1,-1,-1,1,1,-1,-1,-1,1,-1,-1,-1,1,-1,-1,-1,1,1,-1,1,1,-1,-1,-1,1,1,1,-1
      95   00:C9E1  FF FF FF FF FF FF FF 01 01 FF FF FF 01 FF FF FF 
      95   00:C9F1  01 FF FF FF 01 01 FF 01 01 FF FF FF 01 01 01 FF 
      96   00:CA01                          db -1,-1,-1,1,-1,-1,-1,-1,1,-1,-1,-1,1,-1,-1,-1,1,-1,-1,-1,-1,1,-1,1,1,1,1,1,-1,-1,-1,-1
      96   00:CA01  FF FF FF 01 FF FF FF FF 01 FF FF FF 01 FF FF FF 
      96   00:CA11  01 FF FF FF FF 01 FF 01 01 01 01 01 FF FF FF FF 
      97   00:CA21                          db -1,-1,-1,-1,-1,-1,-1,-1,-1,-1,-1,-1,-1,-1,-1,-1,-1,-1,-1,-1,-1,-1,-1,-1,-1,-1,-1,-1,-1,-1,-1,-1
      97   00:CA21  FF FF FF FF FF FF FF FF FF FF FF FF FF FF FF FF 
      97   00:CA31  FF FF FF FF FF FF FF FF FF FF FF FF FF FF FF FF 
      98   00:CA41                          db 1,1,1,1,1,1,1,1,1,1,1,1,1,1,1,1,1,1,1,1,1,1,1,1,1,1,1,1,1,1,-1,-1
      98   00:CA41  01 01 01 01 01 01 01 01 01 01 01 01 01 01 01 01 
      98   00:CA51  01 01 01 01 01 01 01 01 01 01 01 01 01 01 FF FF 
      99   00:CA61                          db -1,-1,-1,-1,-1,-1,-1,-1,-1,-1,-1,-1,-1,-1,-1,-1,-1,-1,-1,-1,-1,-1,-1,-1,-1,-1,-1,-1,-1,-1,-1,-1
      99   00:CA61  FF FF FF FF FF FF FF FF FF FF FF FF FF FF FF FF 
      99   00:CA71  FF FF FF FF FF FF FF FF FF FF FF FF FF FF FF FF 
     100   00:CA81                          db -1,-1,-1,1,1,1,1,1,1,1,1,1,1,1,1,1,1,1,1,1,1,1,1,1,1,1,1,1,1,1,1,1
     100   00:CA81  FF FF FF 01 01 01 01 01 01 01 01 01 01 01 01 01 
     100   00:CA91  01 01 01 01 01 01 01 01 01 01 01 01 01 01 01 01 
     101   00:CAA1                          db -1,-1,-1,-1,-1,-1,1,-1,-1,-1,-1,-1,-1,-1,-1,-1,-1,-1,-1,-1,-1,-1,1,-1,-1,-1,-1,-1,-1,-1,-1,-1
     101   00:CAA1  FF FF FF FF FF FF 01 FF FF FF FF FF FF FF FF FF 
     101   00:CAB1  FF FF FF FF FF FF 01 FF FF FF FF FF FF FF FF FF 
     102   00:CAC1                          db -1,-1,-1,-1,-1,-1,1,-1,-1,-1,-1,1,-1,-1,-1,-1,-1,-1,-1,-1,-1,-1,1,-1,-1,-1,-1,-1,-1,-1,-1,-1
     102   00:CAC1  FF FF FF FF FF FF 01 FF FF FF FF 01 FF FF FF FF 
     102   00:CAD1  FF FF FF FF FF FF 01 FF FF FF FF FF FF FF FF FF 
     103   00:CAE1                          db -1,-1,-1,-1,-1,-1,-1,-1,-1,-1,-1,1,-1,-1,-1,-1,-1,-1,-1,-1,-1,-1,-1,-1,-1,-1,-1,-1,-1,-1,-1,-1
     103   00:CAE1  FF FF FF FF FF FF FF FF FF FF FF 01 FF FF FF FF 
     103   00:CAF1  FF FF FF FF FF FF FF FF FF FF FF FF FF FF FF FF 
     104   00:CB01                      level4:
     105   00:CB01                          db 1,1,1,1,1,1,1,1,1,1,1,1,1,1,1,1,1,1,1,1,1,1,1,1,-1,-1,-1,-1,-1,-1,1,1
     105   00:CB01  01 01 01 01 01 01 01 01 01 01 01 01 01 01 01 01 
     105   00:CB11  01 01 01 01 01 01 01 01 FF FF FF FF FF FF 01 01 
     106   00:CB21                          db -1,-1,1,1,1,1,1,1,-1,-1,-1,-1,-1,-1,-1,-1,-1,-1,-1,-1,-1,1,1,-1,-1,1,1,1,1,-1,1,1
     106   00:CB21  FF FF 01 01 01 01 01 01 FF FF FF FF FF FF FF FF 
     106   00:CB31  FF FF FF FF FF 01 01 FF FF 01 01 01 01 FF 01 01 
     107   00:CB41                          db -1,-1,-1,-1,-1,1,1,1,-1,1,1,1,1,1,1,1,1,1,1,1,-1,-1,1,-1,1,1,1,1,1,-1,1,1
     107   00:CB41  FF FF FF FF FF 01 01 01 FF 01 01 01 01 01 01 01 
     107   00:CB51  01 01 01 01 FF FF 01 FF 01 01 01 01 01 FF 01 01 
     108   00:CB61                          db -1,-1,-1,-1,-1,-1,1,-1,-1,1,1,1,1,1,1,1,1,1,1,1,1,-1,1,-1,-1,1,1,1,1,-1,1,1
     108   00:CB61  FF FF FF FF FF FF 01 FF FF 01 01 01 01 01 01 01 
     108   00:CB71  01 01 01 01 01 FF 01 FF FF 01 01 01 01 FF 01 01 
     109   00:CB81                          db 1,1,1,1,1,-1,1,-1,1,1,1,1,1,-1,-1,-1,-1,-1,-1,-1,-1,-1,1,1,-1,1,1,1,1,-1,1,1
     109   00:CB81  01 01 01 01 01 FF 01 FF 01 01 01 01 01 FF FF FF 
     109   00:CB91  FF FF FF FF FF FF 01 01 FF 01 01 01 01 FF 01 01 
     110   00:CBA1                          db 1,1,1,1,1,-1,1,-1,1,1,1,1,-1,-1,1,1,1,1,1,1,1,1,1,1,-1,1,1,1,1,-1,1,1
     110   00:CBA1  01 01 01 01 01 FF 01 FF 01 01 01 01 FF FF 01 01 
     110   00:CBB1  01 01 01 01 01 01 01 01 FF 01 01 01 01 FF 01 01 
     111   00:CBC1                          db 1,1,1,1,1,-1,1,-1,1,1,1,1,-1,-1,-1,-1,-1,-1,-1,-1,-1,-1,-1,1,-1,1,1,1,1,-1,1,1
     111   00:CBC1  01 01 01 01 01 FF 01 FF 01 01 01 01 FF FF FF FF 
     111   00:CBD1  FF FF FF FF FF FF FF 01 FF 01 01 01 01 FF 01 01 
     112   00:CBE1                          db 1,1,1,-1,-1,-1,1,-1,1,1,1,1,1,1,1,1,1,1,1,1,1,1,-1,1,-1,-1,1,1,1,-1,1,1
     112   00:CBE1  01 01 01 FF FF FF 01 FF 01 01 01 01 01 01 01 01 
     112   00:CBF1  01 01 01 01 01 01 FF 01 FF FF 01 01 01 FF 01 01 
     113   00:CC01                          db 1,-1,-1,-1,1,1,1,-1,-1,1,1,1,1,1,3,3,-1,-1,-1,-1,-1,-1,-1,1,1,-1,1,1,1,-1,1,1
     113   00:CC01  01 FF FF FF 01 01 01 FF FF 01 01 01 01 01 03 03 
     113   00:CC11  FF FF FF FF FF FF FF 01 01 FF 01 01 01 FF 01 01 
     114   00:CC21                          db -1,-1,1,1,1,1,1,1,-1,-1,1,1,1,1,3,3,-1,-1,1,1,1,1,1,1,1,-1,1,1,1,-1,1,1
     114   00:CC21  FF FF 01 01 01 01 01 01 FF FF 01 01 01 01 03 03 
     114   00:CC31  FF FF 01 01 01 01 01 01 01 FF 01 01 01 FF 01 01 
     115   00:CC41                          db -1,1,1,1,1,1,1,1,1,-1,-1,1,1,1,1,1,1,1,1,-1,1,1,1,1,1,-1,1,1,1,-1,1,1
     115   00:CC41  FF 01 01 01 01 01 01 01 01 FF FF 01 01 01 01 01 
     115   00:CC51  01 01 01 FF 01 01 01 01 01 FF 01 01 01 FF 01 01 
     116   00:CC61                          db -1,1,1,1,1,1,1,1,1,1,-1,-1,1,1,1,1,1,1,1,-1,1,1,1,1,-1,-1,1,1,1,-1,1,1
     116   00:CC61  FF 01 01 01 01 01 01 01 01 01 FF FF 01 01 01 01 
     116   00:CC71  01 01 01 FF 01 01 01 01 FF FF 01 01 01 FF 01 01 
     117   00:CC81                          db -1,-1,-1,-1,-1,-1,-1,-1,1,1,1,-1,1,1,1,1,-1,-1,-1,-1,-1,-1,-1,-1,-1,1,1,1,-1,-1,1,1
     117   00:CC81  FF FF FF FF FF FF FF FF 01 01 01 FF 01 01 01 01 
     117   00:CC91  FF FF FF FF FF FF FF FF FF 01 01 01 FF FF 01 01 
     118   00:CCA1                          db 1,-1,1,1,1,1,1,-1,-1,-1,-1,-1,-1,-1,-1,-1,-1,1,1,-1,1,1,1,1,1,1,1,1,-1,1,1,1
     118   00:CCA1  01 FF 01 01 01 01 01 FF FF FF FF FF FF FF FF FF 
     118   00:CCB1  FF 01 01 FF 01 01 01 01 01 01 01 01 FF 01 01 01 
     119   00:CCC1                          db -1,-1,1,1,1,1,1,-1,1,1,1,-1,1,1,1,1,1,1,1,-1,1,1,1,1,1,-1,-1,-1,-1,1,1,1
     119   00:CCC1  FF FF 01 01 01 01 01 FF 01 01 01 FF 01 01 01 01 
     119   00:CCD1  01 01 01 FF 01 01 01 01 01 FF FF FF FF 01 01 01 
     120   00:CCE1                          db -1,1,1,1,1,1,-1,-1,1,1,1,-1,-1,1,1,-1,-1,1,1,-1,-1,-1,-1,-1,-1,-1,1,1,1,1,1,1
     120   00:CCE1  FF 01 01 01 01 01 FF FF 01 01 01 FF FF 01 01 FF 
     120   00:CCF1  FF 01 01 FF FF FF FF FF FF FF 01 01 01 01 01 01 
     121   00:CD01                          db -1,1,-1,-1,-1,-1,-1,1,1,1,1,-1,-1,1,1,-1,-1,-1,1,1,1,1,1,-1,-1,-1,-1,-1,-1,-1,1,1
     121   00:CD01  FF 01 FF FF FF FF FF 01 01 01 01 FF FF 01 01 FF 
     121   00:CD11  FF FF 01 01 01 01 01 FF FF FF FF FF FF FF 01 01 
     122   00:CD21                          db -1,1,-1,1,1,1,1,1,1,1,1,1,-1,1,1,-1,1,-1,1,1,1,1,1,1,-1,1,1,1,1,-1,1,1
     122   00:CD21  FF 01 FF 01 01 01 01 01 01 01 01 01 FF 01 01 FF 
     122   00:CD31  01 FF 01 01 01 01 01 01 FF 01 01 01 01 FF 01 01 
     123   00:CD41                          db -1,1,-1,-1,-1,1,1,1,1,1,1,-1,-1,1,1,-1,1,-1,1,1,1,1,1,1,-1,1,1,1,1,1,-1,1
     123   00:CD41  FF 01 FF FF FF 01 01 01 01 01 01 FF FF 01 01 FF 
     123   00:CD51  01 FF 01 01 01 01 01 01 FF 01 01 01 01 01 FF 01 
     124   00:CD61                          db -1,1,1,1,-1,-1,-1,-1,-1,-1,-1,-1,1,1,1,-1,1,-1,1,1,-1,-1,-1,-1,-1,-1,1,1,1,-1,-1,1
     124   00:CD61  FF 01 01 01 FF FF FF FF FF FF FF FF 01 01 01 FF 
     124   00:CD71  01 FF 01 01 FF FF FF FF FF FF 01 01 01 FF FF 01 
     125   00:CD81                          db -1,1,1,1,1,1,1,1,1,1,1,1,1,1,1,-1,1,-1,-1,-1,1,-1,1,1,1,1,1,1,1,-1,1,1
     125   00:CD81  FF 01 01 01 01 01 01 01 01 01 01 01 01 01 01 FF 
     125   00:CD91  01 FF FF FF 01 FF 01 01 01 01 01 01 01 FF 01 01 
     126   00:CDA1                          db -1,-1,-1,-1,-1,-1,-1,-1,-1,-1,-1,-1,-1,-1,-1,-1,1,1,1,1,1,-1,-1,-1,-1,-1,-1,-1,-1,-1,1,1
     126   00:CDA1  FF FF FF FF FF FF FF FF FF FF FF FF FF FF FF FF 
     126   00:CDB1  01 01 01 01 01 FF FF FF FF FF FF FF FF FF 01 01 
     127   00:CDC1                      level5:
     128   00:CDC1                          db 1,1,-1,-1,-1,-1,-1,-1,-1,-1,-1,-1,-1,-1,-1,-1,-1,-1,-1,-1,-1,-1,-1,-1,-1,-1,1,1,-1,3,3,3
     128   00:CDC1  01 01 FF FF FF FF FF FF FF FF FF FF FF FF FF FF 
     128   00:CDD1  FF FF FF FF FF FF FF FF FF FF 01 01 FF 03 03 03 
     129   00:CDE1                          db 1,1,-1,1,1,1,1,1,1,1,1,1,1,1,1,1,1,1,1,1,1,1,1,1,1,1,1,-1,-1,3,3,3
     129   00:CDE1  01 01 FF 01 01 01 01 01 01 01 01 01 01 01 01 01 
     129   00:CDF1  01 01 01 01 01 01 01 01 01 01 01 FF FF 03 03 03 
     130   00:CE01                          db 1,1,-1,-1,1,1,1,1,1,1,1,-1,-1,-1,-1,-1,-1,-1,-1,1,1,1,1,1,1,1,1,-1,1,1,1,1
     130   00:CE01  01 01 FF FF 01 01 01 01 01 01 01 FF FF FF FF FF 
     130   00:CE11  FF FF FF 01 01 01 01 01 01 01 01 FF 01 01 01 01 
     131   00:CE21                          db 1,1,1,-1,-1,-1,-1,-1,-1,-1,-1,-1,1,1,1,1,1,1,-1,-1,-1,-1,-1,-1,-1,1,1,-1,-1,1,1,1
     131   00:CE21  01 01 01 FF FF FF FF FF FF FF FF FF 01 01 01 01 
     131   00:CE31  01 01 FF FF FF FF FF FF FF 01 01 FF FF 01 01 01 
     132   00:CE41                          db 1,1,1,1,-1,1,1,1,-1,-1,1,1,1,1,1,1,1,1,1,1,1,1,1,1,-1,-1,1,1,-1,1,1,1
     132   00:CE41  01 01 01 01 FF 01 01 01 FF FF 01 01 01 01 01 01 
     132   00:CE51  01 01 01 01 01 01 01 01 FF FF 01 01 FF 01 01 01 
     133   00:CE61                          db 1,1,1,1,-1,1,1,1,-1,1,1,1,1,-1,-1,-1,-1,-1,-1,-1,-1,-1,1,1,1,-1,1,-1,-1,1,1,1
     133   00:CE61  01 01 01 01 FF 01 01 01 FF 01 01 01 01 FF FF FF 
     133   00:CE71  FF FF FF FF FF FF 01 01 01 FF 01 FF FF 01 01 01 
     134   00:CE81                          db 1,1,1,1,-1,1,1,1,-1,1,1,1,-1,-1,1,1,1,1,1,1,1,-1,-1,1,1,-1,-1,-1,1,1,1,1
     134   00:CE81  01 01 01 01 FF 01 01 01 FF 01 01 01 FF FF 01 01 
     134   00:CE91  01 01 01 01 01 FF FF 01 01 FF FF FF 01 01 01 01 
     135   00:CEA1                          db 1,1,1,1,-1,1,1,1,-1,1,1,-1,-1,-1,-1,-1,-1,-1,1,1,1,1,-1,1,1,1,-1,1,1,1,1,1
     135   00:CEA1  01 01 01 01 FF 01 01 01 FF 01 01 FF FF FF FF FF 
     135   00:CEB1  FF FF 01 01 01 01 FF 01 01 01 FF 01 01 01 01 01 
     136   00:CEC1                          db 1,1,1,-1,-1,1,1,1,-1,1,1,-1,1,-1,-1,-1,-1,-1,-1,-1,-1,1,1,-1,1,1,-1,1,1,1,1,1
     136   00:CEC1  01 01 01 FF FF 01 01 01 FF 01 01 FF 01 FF FF FF 
     136   00:CED1  FF FF FF FF FF 01 01 FF 01 01 FF 01 01 01 01 01 
     137   00:CEE1                          db 1,1,1,-1,1,1,1,1,-1,1,1,-1,1,-1,-1,-1,-1,-1,1,1,-1,1,1,-1,1,1,-1,-1,-1,-1,-1,1
     137   00:CEE1  01 01 01 FF 01 01 01 01 FF 01 01 FF 01 FF FF FF 
     137   00:CEF1  FF FF 01 01 FF 01 01 FF 01 01 FF FF FF FF FF 01 
     138   00:CF01                          db 1,1,1,-1,1,1,1,1,-1,1,1,-1,1,1,1,1,1,1,1,1,-1,1,1,-1,1,1,-1,1,-1,-1,-1,1
     138   00:CF01  01 01 01 FF 01 01 01 01 FF 01 01 FF 01 01 01 01 
     138   00:CF11  01 01 01 01 FF 01 01 FF 01 01 FF 01 FF FF FF 01 
     139   00:CF21                          db 1,1,1,-1,1,1,1,1,-1,1,1,-1,1,1,1,1,1,1,1,1,-1,1,1,-1,1,1,-1,-1,-1,1,1,1
     139   00:CF21  01 01 01 FF 01 01 01 01 FF 01 01 FF 01 01 01 01 
     139   00:CF31  01 01 01 01 FF 01 01 FF 01 01 FF FF FF 01 01 01 
     140   00:CF41                          db 1,1,-1,-1,1,1,1,1,-1,1,1,-1,-1,-1,-1,1,1,1,1,-1,-1,1,1,-1,1,1,-1,-1,1,1,1,1
     140   00:CF41  01 01 FF FF 01 01 01 01 FF 01 01 FF FF FF FF 01 
     140   00:CF51  01 01 01 FF FF 01 01 FF 01 01 FF FF 01 01 01 01 
     141   00:CF61                          db 1,1,-1,1,1,1,1,1,-1,1,1,1,1,1,-1,-1,-1,-1,-1,1,1,1,1,-1,1,1,-1,-1,-1,1,1,1
     141   00:CF61  01 01 FF 01 01 01 01 01 FF 01 01 01 01 01 FF FF 
     141   00:CF71  FF FF FF 01 01 01 01 FF 01 01 FF FF FF 01 01 01 
     142   00:CF81                          db 1,1,-1,1,1,1,1,1,-1,1,1,1,1,1,1,1,1,1,1,1,1,1,1,-1,1,1,-1,1,-1,-1,1,1
     142   00:CF81  01 01 FF 01 01 01 01 01 FF 01 01 01 01 01 01 01 
     142   00:CF91  01 01 01 01 01 01 01 FF 01 01 FF 01 FF FF 01 01 
     143   00:CFA1                          db 1,1,-1,1,1,1,1,1,-1,-1,1,1,1,1,1,1,1,1,1,1,1,1,1,-1,1,-1,-1,1,1,-1,1,1
     143   00:CFA1  01 01 FF 01 01 01 01 01 FF FF 01 01 01 01 01 01 
     143   00:CFB1  01 01 01 01 01 01 01 FF 01 FF FF 01 01 FF 01 01 
     144   00:CFC1                          db 1,1,-1,1,1,1,1,1,1,-1,1,1,1,1,1,1,1,1,1,1,1,1,1,-1,1,-1,1,1,1,-1,-1,1
     144   00:CFC1  01 01 FF 01 01 01 01 01 01 FF 01 01 01 01 01 01 
     144   00:CFD1  01 01 01 01 01 01 01 FF 01 FF 01 01 01 FF FF 01 
     145   00:CFE1                          db 1,1,-1,1,1,1,1,1,1,-1,-1,-1,-1,-1,-1,-1,-1,-1,-1,-1,-1,-1,-1,-1,1,-1,1,1,1,1,-1,1
     145   00:CFE1  01 01 FF 01 01 01 01 01 01 FF FF FF FF FF FF FF 
     145   00:CFF1  FF FF FF FF FF FF FF FF 01 FF 01 01 01 01 FF 01 
     146   00:D001                          db 1,-1,-1,1,1,1,1,1,1,1,1,1,1,1,1,1,1,1,1,1,1,1,1,1,1,-1,1,1,1,1,-1,1
     146   00:D001  01 FF FF 01 01 01 01 01 01 01 01 01 01 01 01 01 
     146   00:D011  01 01 01 01 01 01 01 01 01 FF 01 01 01 01 FF 01 
     147   00:D021                          db 1,1,-1,-1,-1,-1,1,1,1,1,1,1,1,-1,-1,-1,-1,-1,-1,-1,-1,-1,-1,-1,-1,-1,1,1,1,1,-1,1
     147   00:D021  01 01 FF FF FF FF 01 01 01 01 01 01 01 FF FF FF 
     147   00:D031  FF FF FF FF FF FF FF FF FF FF 01 01 01 01 FF 01 
     148   00:D041                          db 1,1,1,1,1,-1,-1,-1,-1,-1,-1,-1,-1,1,1,1,1,1,1,1,1,1,1,1,1,-1,-1,1,1,1,1,1
     148   00:D041  01 01 01 01 01 FF FF FF FF FF FF FF FF 01 01 01 
     148   00:D051  01 01 01 01 01 01 01 01 01 FF FF 01 01 01 01 01 
     149   00:D061                          db 1,1,1,1,1,1,1,1,1,1,1,1,1,1,1,1,1,1,1,1,1,1,1,1,1,1,-1,-1,1,1,1,1
     149   00:D061  01 01 01 01 01 01 01 01 01 01 01 01 01 01 01 01 
     149   00:D071  01 01 01 01 01 01 01 01 01 01 FF FF 01 01 01 01 
     150   00:D081                      
     151   00:D081                      
     152   00:D081                      FINAL:

    LABELS
-------------------------------------------------
00:0000C000   INICIO
00:0000C001 X level0
00:0000C2C1 X level1
00:0000C581 X level2
00:0000C841 X level3
00:0000CB01 X level4
00:0000CDC1 X level5
00:0000D081   FINAL


 Output: src\word0.out
-------------------------------------------------

 Page: 00
  Org: 0000C000  Size: *  Used: 00000000

    No output

 Output: word0.bin
-------------------------------------------------

 Page: 00
  Org: 0000C000  Size: *  Used: 00001088

   Address   Length Align   Label
   0000C000    4232         INICIO
