Sjasm Z80 Assembler v0.42c - www.xl2s.tk             [2020.09.16 - 06:02:48]

src\word1.asm
Errors: 0

       1   00:0000                              output "word1.bin"
       2   00:C000                      
       3   00:C000  FE                      db   #fe               ; ID archivo binario, siempre hay que poner el mismo -1FEh
       4   00:C001  00 C0                   dw   INICIO            ; dirección de inicio
       5   00:C003  80 D0                   dw   FINAL - 1         ; dirección final
       6   00:C005  00 C0                   dw   INICIO             ; dircción del programa de ejecución (para cuando pongas r en bload"nombre_programa", r)
       7   00:C007                      
       8   00:C007                          org #c000 ; o 57344, org se utiliza para decirle al z80 en que posición de memoria RAM empieza nuestro programa en ensamblador
       9   00:C000                      
      10   00:C000                      INICIO:
      11   00:C000  C9                      ret ; el ret es necesario para que vuelva al basic
      12   00:C001                      level0:
      13   00:C001                          db -1,-1,-1,-1,1,-1,-1,-1,-1,-1,-1,1,1,1,1,1,1,1,1,-1,1,1,1,-1,-1,-1,1,1,-1,-1,-1,-1
      13   00:C001  FF FF FF FF 01 FF FF FF FF FF FF 01 01 01 01 01 
      13   00:C011  01 01 01 FF 01 01 01 FF FF FF 01 01 FF FF FF FF 
      14   00:C021                          db -1,1,1,-1,-1,-1,1,1,1,1,-1,1,1,1,1,-1,-1,1,1,-1,1,1,1,-1,1,-1,1,1,-1,-1,-1,-1
      14   00:C021  FF 01 01 FF FF FF 01 01 01 01 FF 01 01 01 01 FF 
      14   00:C031  FF 01 01 FF 01 01 01 FF 01 FF 01 01 FF FF FF FF 
      15   00:C041                          db -1,1,1,1,1,1,1,1,1,1,-1,1,1,1,-1,-1,1,-1,1,-1,1,1,1,-1,1,-1,-1,1,1,1,-1,-1
      15   00:C041  FF 01 01 01 01 01 01 01 01 01 FF 01 01 01 FF FF 
      15   00:C051  01 FF 01 FF 01 01 01 FF 01 FF FF 01 01 01 FF FF 
      16   00:C061                          db -1,1,1,1,1,1,1,1,1,1,-1,1,1,1,-1,1,1,-1,1,-1,-1,1,1,-1,1,1,-1,-1,1,1,1,-1
      16   00:C061  FF 01 01 01 01 01 01 01 01 01 FF 01 01 01 FF 01 
      16   00:C071  01 FF 01 FF FF 01 01 FF 01 01 FF FF 01 01 01 FF 
      17   00:C081                          db 1,1,-1,-1,-1,-1,1,1,1,1,-1,1,1,1,-1,1,1,-1,1,1,-1,1,1,-1,1,1,1,-1,1,1,1,-1
      17   00:C081  01 01 FF FF FF FF 01 01 01 01 FF 01 01 01 FF 01 
      17   00:C091  01 FF 01 01 FF 01 01 FF 01 01 01 FF 01 01 01 FF 
      18   00:C0A1                          db 1,1,-1,1,1,1,-1,-1,-1,-1,-1,-1,-1,-1,-1,1,1,-1,1,1,-1,1,1,-1,1,-1,1,-1,1,1,1,-1
      18   00:C0A1  01 01 FF 01 01 01 FF FF FF FF FF FF FF FF FF 01 
      18   00:C0B1  01 FF 01 01 FF 01 01 FF 01 FF 01 FF 01 01 01 FF 
      19   00:C0C1                          db 1,-1,-1,1,1,1,1,1,1,1,1,1,1,1,1,1,1,-1,1,1,-1,-1,-1,-1,1,-1,1,-1,1,1,1,-1
      19   00:C0C1  01 FF FF 01 01 01 01 01 01 01 01 01 01 01 01 01 
      19   00:C0D1  01 FF 01 01 FF FF FF FF 01 FF 01 FF 01 01 01 FF 
      20   00:C0E1                          db 1,-1,-1,1,1,1,1,1,1,1,1,1,1,1,1,1,1,-1,1,1,1,1,1,-1,1,-1,1,-1,1,1,1,-1
      20   00:C0E1  01 FF FF 01 01 01 01 01 01 01 01 01 01 01 01 01 
      20   00:C0F1  01 FF 01 01 01 01 01 FF 01 FF 01 FF 01 01 01 FF 
      21   00:C101                          db 1,1,-1,-1,-1,-1,-1,-1,-1,-1,-1,-1,-1,-1,-1,1,1,-1,-1,1,1,1,1,-1,1,-1,1,-1,1,1,1,-1
      21   00:C101  01 01 FF FF FF FF FF FF FF FF FF FF FF FF FF 01 
      21   00:C111  01 FF FF 01 01 01 01 FF 01 FF 01 FF 01 01 01 FF 
      22   00:C121                          db 1,1,1,1,1,1,1,1,1,1,1,1,1,1,-1,-1,1,1,-1,1,1,1,1,-1,1,-1,1,-1,1,1,1,-1
      22   00:C121  01 01 01 01 01 01 01 01 01 01 01 01 01 01 FF FF 
      22   00:C131  01 01 FF 01 01 01 01 FF 01 FF 01 FF 01 01 01 FF 
      23   00:C141                          db 1,1,1,1,1,1,1,1,1,1,1,1,1,1,1,-1,1,1,-1,1,1,1,-1,-1,1,-1,1,-1,1,1,1,-1
      23   00:C141  01 01 01 01 01 01 01 01 01 01 01 01 01 01 01 FF 
      23   00:C151  01 01 FF 01 01 01 FF FF 01 FF 01 FF 01 01 01 FF 
      24   00:C161                          db 1,1,1,1,1,1,1,1,1,1,1,-1,-1,-1,-1,-1,1,1,-1,1,1,1,-1,1,1,-1,1,-1,1,1,1,-1
      24   00:C161  01 01 01 01 01 01 01 01 01 01 01 FF FF FF FF FF 
      24   00:C171  01 01 FF 01 01 01 FF 01 01 FF 01 FF 01 01 01 FF 
      25   00:C181                          db 1,1,1,-1,-1,-1,-1,-1,-1,-1,-1,-1,1,1,1,1,1,1,-1,1,1,1,-1,1,1,-1,1,-1,-1,1,1,-1
      25   00:C181  01 01 01 FF FF FF FF FF FF FF FF FF 01 01 01 01 
      25   00:C191  01 01 FF 01 01 01 FF 01 01 FF 01 FF FF 01 01 FF 
      26   00:C1A1                          db 1,1,-1,-1,1,1,1,1,1,1,1,1,1,1,1,1,1,1,-1,1,1,1,-1,-1,-1,-1,1,1,-1,1,1,-1
      26   00:C1A1  01 01 FF FF 01 01 01 01 01 01 01 01 01 01 01 01 
      26   00:C1B1  01 01 FF 01 01 01 FF FF FF FF 01 01 FF 01 01 FF 
      27   00:C1C1                          db 1,1,-1,-1,-1,-1,-1,-1,-1,-1,-1,-1,-1,-1,1,1,1,1,-1,1,1,1,-1,1,1,-1,1,1,-1,1,1,-1
      27   00:C1C1  01 01 FF FF FF FF FF FF FF FF FF FF FF FF 01 01 
      27   00:C1D1  01 01 FF 01 01 01 FF 01 01 FF 01 01 FF 01 01 FF 
      28   00:C1E1                          db 1,1,1,1,1,1,1,1,1,1,1,1,1,-1,-1,-1,1,1,-1,1,1,1,-1,1,1,-1,-1,1,-1,1,1,-1
      28   00:C1E1  01 01 01 01 01 01 01 01 01 01 01 01 01 FF FF FF 
      28   00:C1F1  01 01 FF 01 01 01 FF 01 01 FF FF 01 FF 01 01 FF 
      29   00:C201                          db 1,1,1,1,1,1,1,1,1,1,1,1,1,1,1,-1,1,1,-1,1,1,1,-1,1,1,1,-1,1,-1,1,1,-1
      29   00:C201  01 01 01 01 01 01 01 01 01 01 01 01 01 01 01 FF 
      29   00:C211  01 01 FF 01 01 01 FF 01 01 01 FF 01 FF 01 01 FF 
      30   00:C221                          db 1,1,1,1,1,1,1,1,1,1,1,1,1,1,-1,-1,1,1,-1,1,1,1,-1,-1,1,1,-1,1,-1,1,1,-1
      30   00:C221  01 01 01 01 01 01 01 01 01 01 01 01 01 01 FF FF 
      30   00:C231  01 01 FF 01 01 01 FF FF 01 01 FF 01 FF 01 01 FF 
      31   00:C241                          db 1,1,-1,-1,-1,-1,-1,-1,-1,-1,-1,-1,-1,-1,-1,-1,1,1,-1,-1,1,1,1,-1,1,1,-1,1,-1,1,1,-1
      31   00:C241  01 01 FF FF FF FF FF FF FF FF FF FF FF FF FF FF 
      31   00:C251  01 01 FF FF 01 01 01 FF 01 01 FF 01 FF 01 01 FF 
      32   00:C261                          db 1,-1,-1,1,1,1,1,1,1,1,1,1,1,1,1,-1,1,1,1,-1,1,1,-1,-1,1,1,-1,1,-1,1,1,-1
      32   00:C261  01 FF FF 01 01 01 01 01 01 01 01 01 01 01 01 FF 
      32   00:C271  01 01 01 FF 01 01 FF FF 01 01 FF 01 FF 01 01 FF 
      33   00:C281                          db 3,3,1,1,-1,1,1,1,1,1,1,1,1,1,1,-1,1,1,1,-1,-1,-1,-1,1,1,1,-1,1,-1,1,1,-1
      33   00:C281  03 03 01 01 FF 01 01 01 01 01 01 01 01 01 01 FF 
      33   00:C291  01 01 01 FF FF FF FF 01 01 01 FF 01 FF 01 01 FF 
      34   00:C2A1                          db 3,3,1,1,-1,-1,-1,-1,-1,-1,-1,-1,-1,-1,-1,-1,1,1,1,1,1,1,1,1,1,1,-1,1,-1,-1,-1,-1
      34   00:C2A1  03 03 01 01 FF FF FF FF FF FF FF FF FF FF FF FF 
      34   00:C2B1  01 01 01 01 01 01 01 01 01 01 FF 01 FF FF FF FF 
      35   00:C2C1                      
      36   00:C2C1                      level1:
      37   00:C2C1                          db -1,-1,-1,1,1,1,1,1,1,1,1,1,1,-1,-1,-1,-1,-1,-1,-1,-1,-1,-1,-1,1,1,1,1,1,1,1,1
      37   00:C2C1  FF FF FF 01 01 01 01 01 01 01 01 01 01 FF FF FF 
      37   00:C2D1  FF FF FF FF FF FF FF FF 01 01 01 01 01 01 01 01 
      38   00:C2E1                          db -1,1,-1,-1,-1,-1,-1,-1,-1,-1,-1,-1,-1,-1,1,1,1,1,1,1,1,1,1,-1,-1,-1,-1,-1,1,1,1,1
      38   00:C2E1  FF 01 FF FF FF FF FF FF FF FF FF FF FF FF 01 01 
      38   00:C2F1  01 01 01 01 01 01 01 FF FF FF FF FF 01 01 01 01 
      39   00:C301                          db -1,1,1,1,1,1,1,1,1,1,1,1,1,1,1,1,1,1,-1,1,1,1,1,1,1,1,1,-1,-1,-1,-1,1
      39   00:C301  FF 01 01 01 01 01 01 01 01 01 01 01 01 01 01 01 
      39   00:C311  01 01 FF 01 01 01 01 01 01 01 01 FF FF FF FF 01 
      40   00:C321                          db -1,-1,-1,-1,-1,-1,-1,-1,-1,-1,-1,-1,-1,-1,-1,-1,-1,-1,-1,-1,1,1,-1,-1,-1,-1,1,1,1,1,-1,1
      40   00:C321  FF FF FF FF FF FF FF FF FF FF FF FF FF FF FF FF 
      40   00:C331  FF FF FF FF 01 01 FF FF FF FF 01 01 01 01 FF 01 
      41   00:C341                          db -1,1,1,1,1,1,1,1,1,1,1,1,1,1,1,1,1,1,1,-1,1,1,-1,1,1,-1,-1,1,1,-1,1,1
      41   00:C341  FF 01 01 01 01 01 01 01 01 01 01 01 01 01 01 01 
      41   00:C351  01 01 01 FF 01 01 FF 01 01 FF FF 01 01 FF 01 01 
      42   00:C361                          db -1,1,1,1,1,-1,-1,-1,-1,-1,-1,-1,-1,-1,-1,-1,1,1,1,-1,1,1,-1,1,1,1,-1,1,1,-1,1,1
      42   00:C361  FF 01 01 01 01 FF FF FF FF FF FF FF FF FF FF FF 
      42   00:C371  01 01 01 FF 01 01 FF 01 01 01 FF 01 01 FF 01 01 
      43   00:C381                          db -1,1,-1,1,-1,-1,1,1,1,1,1,1,1,1,1,-1,-1,1,1,-1,1,1,-1,1,1,1,-1,1,1,-1,1,1
      43   00:C381  FF 01 FF 01 FF FF 01 01 01 01 01 01 01 01 01 FF 
      43   00:C391  FF 01 01 FF 01 01 FF 01 01 01 FF 01 01 FF 01 01 
      44   00:C3A1                          db -1,1,-1,1,1,1,1,1,-1,-1,-1,-1,1,1,1,1,-1,1,1,-1,1,1,-1,1,1,1,1,-1,1,-1,1,1
      44   00:C3A1  FF 01 FF 01 01 01 01 01 FF FF FF FF 01 01 01 01 
      44   00:C3B1  FF 01 01 FF 01 01 FF 01 01 01 01 FF 01 FF 01 01 
      45   00:C3C1                          db -1,1,-1,1,1,1,-1,-1,-1,1,1,-1,-1,-1,1,1,-1,1,1,-1,-1,1,-1,1,1,1,1,-1,1,-1,1,1
      45   00:C3C1  FF 01 FF 01 01 01 FF FF FF 01 01 FF FF FF 01 01 
      45   00:C3D1  FF 01 01 FF FF 01 FF 01 01 01 01 FF 01 FF 01 01 
      46   00:C3E1                          db -1,1,-1,1,1,1,-1,1,1,1,1,1,-1,-1,1,1,-1,-1,1,1,-1,1,-1,1,1,1,1,-1,1,-1,1,1
      46   00:C3E1  FF 01 FF 01 01 01 FF 01 01 01 01 01 FF FF 01 01 
      46   00:C3F1  FF FF 01 01 FF 01 FF 01 01 01 01 FF 01 FF 01 01 
      47   00:C401                          db -1,1,-1,1,1,1,-1,-1,-1,-1,1,1,-1,1,1,1,1,-1,1,1,-1,1,-1,1,1,1,1,-1,1,-1,-1,1
      47   00:C401  FF 01 FF 01 01 01 FF FF FF FF 01 01 FF 01 01 01 
      47   00:C411  01 FF 01 01 FF 01 FF 01 01 01 01 FF 01 FF FF 01 
      48   00:C421                          db -1,1,-1,1,1,1,1,1,1,-1,1,1,-1,1,1,1,1,-1,1,1,-1,1,-1,1,1,1,-1,-1,1,1,-1,1
      48   00:C421  FF 01 FF 01 01 01 01 01 01 FF 01 01 FF 01 01 01 
      48   00:C431  01 FF 01 01 FF 01 FF 01 01 01 FF FF 01 01 FF 01 
      49   00:C441                          db -1,1,-1,1,1,1,1,1,1,-1,1,1,-1,1,1,1,1,-1,-1,-1,-1,1,-1,-1,1,1,-1,1,1,1,-1,1
      49   00:C441  FF 01 FF 01 01 01 01 01 01 FF 01 01 FF 01 01 01 
      49   00:C451  01 FF FF FF FF 01 FF FF 01 01 FF 01 01 01 FF 01 
      50   00:C461                          db -1,1,1,-1,-1,-1,-1,1,-1,-1,1,1,-1,1,1,1,1,1,-1,-1,1,1,1,-1,1,1,-1,-1,-1,-1,-1,1
      50   00:C461  FF 01 01 FF FF FF FF 01 FF FF 01 01 FF 01 01 01 
      50   00:C471  01 01 FF FF 01 01 01 FF 01 01 FF FF FF FF FF 01 
      51   00:C481                          db -1,1,1,1,1,1,-1,-1,-1,1,1,1,-1,1,-1,-1,1,1,1,1,1,1,1,-1,-1,1,1,1,1,1,1,1
      51   00:C481  FF 01 01 01 01 01 FF FF FF 01 01 01 FF 01 FF FF 
      51   00:C491  01 01 01 01 01 01 01 FF FF 01 01 01 01 01 01 01 
      52   00:C4A1                          db -1,1,1,1,1,1,1,1,1,1,1,1,-1,1,1,-1,-1,-1,-1,-1,-1,-1,-1,-1,-1,-1,-1,-1,-1,-1,-1,-1
      52   00:C4A1  FF 01 01 01 01 01 01 01 01 01 01 01 FF 01 01 FF 
      52   00:C4B1  FF FF FF FF FF FF FF FF FF FF FF FF FF FF FF FF 
      53   00:C4C1                          db -1,-1,-1,-1,1,1,1,1,1,1,1,1,-1,1,1,1,-1,1,1,1,1,1,1,1,1,1,1,1,1,1,1,-1
      53   00:C4C1  FF FF FF FF 01 01 01 01 01 01 01 01 FF 01 01 01 
      53   00:C4D1  FF 01 01 01 01 01 01 01 01 01 01 01 01 01 01 FF 
      54   00:C4E1                          db 1,1,1,-1,-1,-1,-1,-1,1,1,1,1,-1,1,1,1,-1,-1,-1,1,1,1,1,1,1,1,1,1,1,1,1,-1
      54   00:C4E1  01 01 01 FF FF FF FF FF 01 01 01 01 FF 01 01 01 
      54   00:C4F1  FF FF FF 01 01 01 01 01 01 01 01 01 01 01 01 FF 
      55   00:C501                          db 1,1,1,1,1,1,1,-1,1,1,1,1,-1,1,1,1,1,1,1,1,1,-1,-1,-1,-1,-1,-1,-1,1,1,1,-1
      55   00:C501  01 01 01 01 01 01 01 FF 01 01 01 01 FF 01 01 01 
      55   00:C511  01 01 01 01 01 FF FF FF FF FF FF FF 01 01 01 FF 
      56   00:C521                          db 1,1,1,1,1,1,1,-1,-1,-1,-1,-1,-1,-1,-1,-1,-1,-1,-1,-1,-1,-1,1,1,1,1,-1,-1,1,3,3,3
      56   00:C521  01 01 01 01 01 01 01 FF FF FF FF FF FF FF FF FF 
      56   00:C531  FF FF FF FF FF FF 01 01 01 01 FF FF 01 03 03 03 
      57   00:C541                          db -1,-1,1,1,1,1,1,1,1,1,1,1,1,1,1,1,1,1,1,1,1,1,1,1,1,1,-1,1,1,3,3,3
      57   00:C541  FF FF 01 01 01 01 01 01 01 01 01 01 01 01 01 01 
      57   00:C551  01 01 01 01 01 01 01 01 01 01 FF 01 01 03 03 03 
      58   00:C561                          db -1,-1,-1,-1,-1,-1,-1,-1,-1,-1,-1,-1,-1,-1,-1,-1,-1,-1,-1,-1,-1,-1,-1,-1,-1,-1,-1,1,1,3,3,3
      58   00:C561  FF FF FF FF FF FF FF FF FF FF FF FF FF FF FF FF 
      58   00:C571  FF FF FF FF FF FF FF FF FF FF FF 01 01 03 03 03 
      59   00:C581                      
      60   00:C581                      level2:
      61   00:C581                          db 1,1,1,1,1,1,1,1,1,1,1,1,-1,-1,-1,-1,-1,-1,-1,-1,-1,-1,-1,-1,-1,-1,-1,-1,-1,-1,1,1
      61   00:C581  01 01 01 01 01 01 01 01 01 01 01 01 FF FF FF FF 
      61   00:C591  FF FF FF FF FF FF FF FF FF FF FF FF FF FF 01 01 
      62   00:C5A1                          db 1,1,1,1,1,1,1,1,1,1,1,-1,-1,-1,-1,-1,-1,-1,-1,-1,-1,-1,-1,-1,-1,-1,-1,-1,-1,-1,-1,1
      62   00:C5A1  01 01 01 01 01 01 01 01 01 01 01 FF FF FF FF FF 
      62   00:C5B1  FF FF FF FF FF FF FF FF FF FF FF FF FF FF FF 01 
      63   00:C5C1                          db 1,-1,-1,-1,-1,-1,-1,-1,-1,-1,-1,-1,-1,-1,-1,-1,-1,-1,-1,-1,-1,-1,-1,-1,-1,-1,1,1,1,1,-1,-1
      63   00:C5C1  01 FF FF FF FF FF FF FF FF FF FF FF FF FF FF FF 
      63   00:C5D1  FF FF FF FF FF FF FF FF FF FF 01 01 01 01 FF FF 
      64   00:C5E1                          db -1,-1,1,1,-1,-1,1,1,1,1,1,1,1,1,1,1,1,1,1,1,1,1,1,1,1,1,1,1,1,1,1,-1
      64   00:C5E1  FF FF 01 01 FF FF 01 01 01 01 01 01 01 01 01 01 
      64   00:C5F1  01 01 01 01 01 01 01 01 01 01 01 01 01 01 01 FF 
      65   00:C601                          db -1,1,1,1,1,-1,-1,-1,-1,-1,-1,1,1,1,1,1,1,1,1,1,1,1,1,1,1,1,1,1,1,1,1,-1
      65   00:C601  FF 01 01 01 01 FF FF FF FF FF FF 01 01 01 01 01 
      65   00:C611  01 01 01 01 01 01 01 01 01 01 01 01 01 01 01 FF 
      66   00:C621                          db -1,1,1,1,1,1,1,1,1,1,-1,-1,-1,-1,-1,-1,-1,-1,-1,-1,-1,-1,-1,-1,1,1,1,1,1,1,1,-1
      66   00:C621  FF 01 01 01 01 01 01 01 01 01 FF FF FF FF FF FF 
      66   00:C631  FF FF FF FF FF FF FF FF 01 01 01 01 01 01 01 FF 
      67   00:C641                          db -1,1,1,1,1,1,1,1,1,1,1,1,1,1,1,1,1,1,1,1,1,1,1,-1,-1,-1,-1,-1,1,1,1,-1
      67   00:C641  FF 01 01 01 01 01 01 01 01 01 01 01 01 01 01 01 
      67   00:C651  01 01 01 01 01 01 01 FF FF FF FF FF 01 01 01 FF 
      68   00:C661                          db -1,1,1,3,3,3,-1,-1,-1,-1,-1,1,1,1,1,1,1,1,1,1,1,1,1,1,1,1,-1,-1,1,1,-1,-1
      68   00:C661  FF 01 01 03 03 03 FF FF FF FF FF 01 01 01 01 01 
      68   00:C671  01 01 01 01 01 01 01 01 01 01 FF FF 01 01 FF FF 
      69   00:C681                          db -1,1,1,3,3,3,1,1,1,1,-1,-1,-1,-1,1,1,1,-1,-1,-1,-1,-1,-1,-1,-1,-1,-1,1,1,1,-1,1
      69   00:C681  FF 01 01 03 03 03 01 01 01 01 FF FF FF FF 01 01 
      69   00:C691  01 FF FF FF FF FF FF FF FF FF FF 01 01 01 FF 01 
      70   00:C6A1                          db -1,1,1,3,3,3,1,1,1,1,1,1,1,-1,-1,-1,-1,-1,1,1,1,1,1,-1,1,1,1,1,1,1,-1,1
      70   00:C6A1  FF 01 01 03 03 03 01 01 01 01 01 01 01 FF FF FF 
      70   00:C6B1  FF FF 01 01 01 01 01 FF 01 01 01 01 01 01 FF 01 
      71   00:C6C1                          db -1,1,1,1,1,1,1,1,1,1,1,1,1,1,1,1,1,1,1,1,1,1,1,-1,-1,-1,-1,-1,-1,1,-1,1
      71   00:C6C1  FF 01 01 01 01 01 01 01 01 01 01 01 01 01 01 01 
      71   00:C6D1  01 01 01 01 01 01 01 FF FF FF FF FF FF 01 FF 01 
      72   00:C6E1                          db -1,-1,1,1,1,1,1,1,1,1,1,1,1,1,1,1,1,1,1,1,1,1,1,1,1,1,1,1,-1,1,-1,1
      72   00:C6E1  FF FF 01 01 01 01 01 01 01 01 01 01 01 01 01 01 
      72   00:C6F1  01 01 01 01 01 01 01 01 01 01 01 01 FF 01 FF 01 
      73   00:C701                          db -1,-1,-1,-1,1,1,-1,-1,-1,-1,-1,-1,-1,-1,-1,-1,-1,-1,-1,-1,-1,-1,-1,-1,-1,-1,-1,1,-1,1,-1,1
      73   00:C701  FF FF FF FF 01 01 FF FF FF FF FF FF FF FF FF FF 
      73   00:C711  FF FF FF FF FF FF FF FF FF FF FF 01 FF 01 FF 01 
      74   00:C721                          db -1,1,1,-1,-1,-1,1,1,1,1,1,1,1,1,1,1,1,1,1,1,1,1,1,1,1,1,-1,1,-1,1,-1,1
      74   00:C721  FF 01 01 FF FF FF 01 01 01 01 01 01 01 01 01 01 
      74   00:C731  01 01 01 01 01 01 01 01 01 01 FF 01 FF 01 FF 01 
      75   00:C741                          db 1,1,1,1,1,1,1,1,1,1,1,1,1,-1,-1,-1,-1,-1,-1,-1,-1,-1,-1,-1,-1,-1,-1,1,-1,1,-1,1
      75   00:C741  01 01 01 01 01 01 01 01 01 01 01 01 01 FF FF FF 
      75   00:C751  FF FF FF FF FF FF FF FF FF FF FF 01 FF 01 FF 01 
      76   00:C761                          db 1,1,1,1,1,1,1,1,1,-1,-1,-1,-1,-1,1,1,1,1,1,1,1,1,1,1,1,1,1,-1,-1,1,-1,1
      76   00:C761  01 01 01 01 01 01 01 01 01 FF FF FF FF FF 01 01 
      76   00:C771  01 01 01 01 01 01 01 01 01 01 01 FF FF 01 FF 01 
      77   00:C781                          db 1,1,-1,-1,-1,-1,-1,-1,-1,1,1,1,1,1,1,1,1,-1,-1,-1,-1,-1,1,1,1,1,1,-1,1,1,-1,1
      77   00:C781  01 01 FF FF FF FF FF FF FF 01 01 01 01 01 01 01 
      77   00:C791  01 FF FF FF FF FF 01 01 01 01 01 FF 01 01 FF 01 
      78   00:C7A1                          db 1,-1,-1,1,1,1,1,1,1,1,1,1,1,1,1,1,-1,-1,1,1,1,-1,1,1,1,-1,-1,-1,1,1,-1,1
      78   00:C7A1  01 FF FF 01 01 01 01 01 01 01 01 01 01 01 01 01 
      78   00:C7B1  FF FF 01 01 01 FF 01 01 01 FF FF FF 01 01 FF 01 
      79   00:C7C1                          db 1,-1,1,1,1,1,1,1,1,1,1,1,1,1,1,1,-1,1,1,1,1,-1,1,1,-1,-1,1,1,1,1,-1,1
      79   00:C7C1  01 FF 01 01 01 01 01 01 01 01 01 01 01 01 01 01 
      79   00:C7D1  FF 01 01 01 01 FF 01 01 FF FF 01 01 01 01 FF 01 
      80   00:C7E1                          db 1,-1,1,1,1,-1,-1,-1,-1,-1,1,1,1,1,-1,-1,-1,1,1,1,1,-1,-1,-1,-1,1,1,1,1,-1,-1,-1
      80   00:C7E1  01 FF 01 01 01 FF FF FF FF FF 01 01 01 01 FF FF 
      80   00:C7F1  FF 01 01 01 01 FF FF FF FF 01 01 01 01 FF FF FF 
      81   00:C801                          db 1,-1,1,1,1,-1,1,1,1,-1,-1,-1,-1,-1,-1,1,1,1,1,1,1,1,1,1,1,1,1,1,1,-1,-1,-1
      81   00:C801  01 FF 01 01 01 FF 01 01 01 FF FF FF FF FF FF 01 
      81   00:C811  01 01 01 01 01 01 01 01 01 01 01 01 01 FF FF FF 
      82   00:C821                          db 1,1,1,1,1,1,1,1,1,1,1,1,1,1,1,1,1,1,1,1,1,1,1,1,1,1,1,1,1,-1,-1,-1
      82   00:C821  01 01 01 01 01 01 01 01 01 01 01 01 01 01 01 01 
      82   00:C831  01 01 01 01 01 01 01 01 01 01 01 01 01 FF FF FF 
      83   00:C841                      
      84   00:C841                      level3:
      85   00:C841                          db 1,1,1,1,1,1,1,1,1,1,1,1,1,1,1,1,1,1,1,1,1,1,1,1,1,1,1,1,1,1,1,1
      85   00:C841  01 01 01 01 01 01 01 01 01 01 01 01 01 01 01 01 
      85   00:C851  01 01 01 01 01 01 01 01 01 01 01 01 01 01 01 01 
      86   00:C861                          db 3,3,-1,-1,-1,-1,-1,-1,-1,-1,-1,-1,-1,-1,-1,-1,-1,-1,-1,-1,-1,-1,1,1,1,-1,-1,-1,-1,-1,1,1
      86   00:C861  03 03 FF FF FF FF FF FF FF FF FF FF FF FF FF FF 
      86   00:C871  FF FF FF FF FF FF 01 01 01 FF FF FF FF FF 01 01 
      87   00:C881                          db 3,3,1,1,1,1,1,1,1,1,1,1,1,1,1,1,1,1,1,1,1,-1,1,1,1,-1,1,1,1,-1,1,1
      87   00:C881  03 03 01 01 01 01 01 01 01 01 01 01 01 01 01 01 
      87   00:C891  01 01 01 01 01 FF 01 01 01 FF 01 01 01 FF 01 01 
      88   00:C8A1                          db 1,1,1,1,-1,-1,-1,-1,-1,-1,-1,-1,-1,-1,1,-1,1,-1,-1,1,1,-1,1,1,1,-1,1,1,1,-1,1,1
      88   00:C8A1  01 01 01 01 FF FF FF FF FF FF FF FF FF FF 01 FF 
      88   00:C8B1  01 FF FF 01 01 FF 01 01 01 FF 01 01 01 FF 01 01 
      89   00:C8C1                          db 1,-1,1,1,-1,-1,-1,-1,1,1,1,1,-1,-1,1,-1,1,1,-1,-1,1,-1,1,1,1,-1,1,1,1,-1,1,1
      89   00:C8C1  01 FF 01 01 FF FF FF FF 01 01 01 01 FF FF 01 FF 
      89   00:C8D1  01 01 FF FF 01 FF 01 01 01 FF 01 01 01 FF 01 01 
      90   00:C8E1                          db 1,-1,1,1,1,1,1,-1,-1,1,1,1,-1,1,-1,-1,1,1,1,-1,1,-1,1,1,1,-1,1,1,1,-1,1,1
      90   00:C8E1  01 FF 01 01 01 01 01 FF FF 01 01 01 FF 01 FF FF 
      90   00:C8F1  01 01 01 FF 01 FF 01 01 01 FF 01 01 01 FF 01 01 
      91   00:C901                          db 1,-1,1,1,1,1,1,1,-1,1,1,1,-1,1,-1,1,1,1,-1,-1,1,-1,1,1,1,-1,1,1,1,-1,1,1
      91   00:C901  01 FF 01 01 01 01 01 01 FF 01 01 01 FF 01 FF 01 
      91   00:C911  01 01 FF FF 01 FF 01 01 01 FF 01 01 01 FF 01 01 
      92   00:C921                          db -1,1,1,-1,-1,-1,-1,1,-1,-1,1,1,-1,1,-1,1,1,1,-1,1,1,-1,1,1,1,-1,1,1,1,-1,1,1
      92   00:C921  FF 01 01 FF FF FF FF 01 FF FF 01 01 FF 01 FF 01 
      92   00:C931  01 01 FF 01 01 FF 01 01 01 FF 01 01 01 FF 01 01 
      93   00:C941                          db -1,1,1,-1,-1,-1,-1,1,1,-1,1,1,-1,1,-1,1,1,1,-1,1,1,-1,1,1,1,-1,1,1,1,-1,1,1
      93   00:C941  FF 01 01 FF FF FF FF 01 01 FF 01 01 FF 01 FF 01 
      93   00:C951  01 01 FF 01 01 FF 01 01 01 FF 01 01 01 FF 01 01 
      94   00:C961                          db 1,1,1,-1,-1,-1,-1,1,1,-1,1,1,-1,1,-1,1,1,1,-1,1,1,-1,1,1,1,1,-1,1,1,-1,1,1
      94   00:C961  01 01 01 FF FF FF FF 01 01 FF 01 01 FF 01 FF 01 
      94   00:C971  01 01 FF 01 01 FF 01 01 01 01 FF 01 01 FF 01 01 
      95   00:C981                          db 1,1,1,1,-1,1,1,1,-1,-1,1,1,-1,1,-1,1,1,1,-1,1,1,-1,1,1,1,1,-1,1,1,-1,1,1
      95   00:C981  01 01 01 01 FF 01 01 01 FF FF 01 01 FF 01 FF 01 
      95   00:C991  01 01 FF 01 01 FF 01 01 01 01 FF 01 01 FF 01 01 
      96   00:C9A1                          db 1,-1,-1,-1,-1,1,1,1,-1,1,1,1,-1,1,-1,1,1,1,-1,1,1,-1,1,1,1,1,-1,1,1,-1,1,1
      96   00:C9A1  01 FF FF FF FF 01 01 01 FF 01 01 01 FF 01 FF 01 
      96   00:C9B1  01 01 FF 01 01 FF 01 01 01 01 FF 01 01 FF 01 01 
      97   00:C9C1                          db 1,-1,1,1,1,1,1,-1,-1,1,1,-1,-1,1,-1,1,1,1,-1,1,1,-1,1,1,1,-1,-1,1,1,-1,-1,1
      97   00:C9C1  01 FF 01 01 01 01 01 FF FF 01 01 FF FF 01 FF 01 
      97   00:C9D1  01 01 FF 01 01 FF 01 01 01 FF FF 01 01 FF FF 01 
      98   00:C9E1                          db 1,-1,1,1,1,-1,-1,-1,1,1,1,-1,1,1,-1,1,1,-1,1,1,1,-1,1,1,1,-1,1,1,1,1,-1,1
      98   00:C9E1  01 FF 01 01 01 FF FF FF 01 01 01 FF 01 01 FF 01 
      98   00:C9F1  01 FF 01 01 01 FF 01 01 01 FF 01 01 01 01 FF 01 
      99   00:CA01                          db 1,-1,1,1,-1,-1,1,1,1,1,1,-1,1,1,-1,1,1,-1,1,1,1,-1,1,1,1,-1,1,1,1,1,-1,1
      99   00:CA01  01 FF 01 01 FF FF 01 01 01 01 01 FF 01 01 FF 01 
      99   00:CA11  01 FF 01 01 01 FF 01 01 01 FF 01 01 01 01 FF 01 
     100   00:CA21                          db 1,-1,1,1,-1,1,1,1,1,1,1,-1,1,1,-1,1,1,-1,1,1,1,-1,-1,1,-1,-1,1,1,1,1,-1,1
     100   00:CA21  01 FF 01 01 FF 01 01 01 01 01 01 FF 01 01 FF 01 
     100   00:CA31  01 FF 01 01 01 FF FF 01 FF FF 01 01 01 01 FF 01 
     101   00:CA41                          db 1,-1,1,1,-1,-1,-1,-1,-1,1,1,-1,-1,-1,-1,1,1,-1,1,1,1,1,-1,-1,-1,1,1,1,1,1,-1,1
     101   00:CA41  01 FF 01 01 FF FF FF FF FF 01 01 FF FF FF FF 01 
     101   00:CA51  01 FF 01 01 01 01 FF FF FF 01 01 01 01 01 FF 01 
     102   00:CA61                          db 1,-1,1,1,1,1,1,1,1,1,1,1,-1,-1,1,1,1,-1,1,1,1,1,1,1,1,1,1,1,1,-1,-1,1
     102   00:CA61  01 FF 01 01 01 01 01 01 01 01 01 01 FF FF 01 01 
     102   00:CA71  01 FF 01 01 01 01 01 01 01 01 01 01 01 FF FF 01 
     103   00:CA81                          db 1,-1,1,1,1,1,1,1,1,1,1,1,1,1,1,1,-1,-1,1,-1,-1,-1,-1,-1,-1,-1,-1,-1,-1,-1,1,1
     103   00:CA81  01 FF 01 01 01 01 01 01 01 01 01 01 01 01 01 01 
     103   00:CA91  FF FF 01 FF FF FF FF FF FF FF FF FF FF FF 01 01 
     104   00:CAA1                          db 1,-1,-1,-1,-1,-1,-1,-1,-1,-1,-1,-1,-1,-1,-1,-1,-1,-1,-1,-1,1,1,1,1,1,1,1,1,1,1,1,-1
     104   00:CAA1  01 FF FF FF FF FF FF FF FF FF FF FF FF FF FF FF 
     104   00:CAB1  FF FF FF FF 01 01 01 01 01 01 01 01 01 01 01 FF 
     105   00:CAC1                          db 1,1,1,1,1,1,1,1,1,1,1,1,1,1,-1,1,1,1,1,1,1,1,1,1,1,1,1,1,1,1,-1,-1
     105   00:CAC1  01 01 01 01 01 01 01 01 01 01 01 01 01 01 FF 01 
     105   00:CAD1  01 01 01 01 01 01 01 01 01 01 01 01 01 01 FF FF 
     106   00:CAE1                          db 1,1,1,1,1,1,1,1,1,1,1,1,1,1,-1,-1,-1,-1,-1,-1,-1,-1,-1,-1,-1,-1,-1,-1,-1,-1,-1,1
     106   00:CAE1  01 01 01 01 01 01 01 01 01 01 01 01 01 01 FF FF 
     106   00:CAF1  FF FF FF FF FF FF FF FF FF FF FF FF FF FF FF 01 
     107   00:CB01                          
     108   00:CB01                      level4:
     109   00:CB01                          db 1,1,1,1,1,1,1,1,1,1,1,1,1,1,1,1,1,1,1,1,1,1,1,1,1,1,1,1,1,1,1,1
     109   00:CB01  01 01 01 01 01 01 01 01 01 01 01 01 01 01 01 01 
     109   00:CB11  01 01 01 01 01 01 01 01 01 01 01 01 01 01 01 01 
     110   00:CB21                          db -1,-1,1,-1,-1,-1,1,1,-1,1,1,-1,1,1,1,1,1,1,1,-1,-1,-1,-1,-1,-1,-1,-1,-1,-1,3,3,3
     110   00:CB21  FF FF 01 FF FF FF 01 01 FF 01 01 FF 01 01 01 01 
     110   00:CB31  01 01 01 FF FF FF FF FF FF FF FF FF FF 03 03 03 
     111   00:CB41                          db -1,-1,1,-1,1,-1,-1,1,-1,1,1,-1,-1,-1,-1,-1,1,1,1,-1,1,1,1,1,1,1,1,1,1,3,3,3
     111   00:CB41  FF FF 01 FF 01 FF FF 01 FF 01 01 FF FF FF FF FF 
     111   00:CB51  01 01 01 FF 01 01 01 01 01 01 01 01 01 03 03 03 
     112   00:CB61                          db -1,-1,1,-1,1,1,-1,1,-1,1,1,-1,1,1,1,-1,-1,1,1,-1,1,1,-1,1,1,-1,-1,-1,1,1,1,1
     112   00:CB61  FF FF 01 FF 01 01 FF 01 FF 01 01 FF 01 01 01 FF 
     112   00:CB71  FF 01 01 FF 01 01 FF 01 01 FF FF FF 01 01 01 01 
     113   00:CB81                          db -1,1,1,-1,1,1,-1,1,-1,1,1,-1,1,1,1,1,-1,1,1,-1,1,1,-1,1,1,-1,1,-1,1,1,1,-1
     113   00:CB81  FF 01 01 FF 01 01 FF 01 FF 01 01 FF 01 01 01 01 
     113   00:CB91  FF 01 01 FF 01 01 FF 01 01 FF 01 FF 01 01 01 FF 
     114   00:CBA1                          db -1,1,1,-1,1,1,-1,1,-1,1,1,-1,1,-1,1,1,-1,1,1,-1,1,1,-1,1,1,-1,1,-1,1,1,1,-1
     114   00:CBA1  FF 01 01 FF 01 01 FF 01 FF 01 01 FF 01 FF 01 01 
     114   00:CBB1  FF 01 01 FF 01 01 FF 01 01 FF 01 FF 01 01 01 FF 
     115   00:CBC1                          db -1,1,1,-1,1,1,-1,1,-1,1,1,-1,1,-1,-1,1,-1,1,1,-1,1,1,-1,1,1,1,-1,-1,1,1,1,-1
     115   00:CBC1  FF 01 01 FF 01 01 FF 01 FF 01 01 FF 01 FF FF 01 
     115   00:CBD1  FF 01 01 FF 01 01 FF 01 01 01 FF FF 01 01 01 FF 
     116   00:CBE1                          db -1,1,1,-1,1,1,-1,1,-1,1,1,-1,1,1,-1,1,-1,1,1,-1,1,1,-1,1,1,1,-1,-1,-1,1,1,-1
     116   00:CBE1  FF 01 01 FF 01 01 FF 01 FF 01 01 FF 01 01 FF 01 
     116   00:CBF1  FF 01 01 FF 01 01 FF 01 01 01 FF FF FF 01 01 FF 
     117   00:CC01                          db -1,1,1,-1,1,1,-1,1,-1,1,1,-1,1,1,-1,1,-1,1,1,-1,1,1,-1,1,1,1,-1,1,-1,1,1,-1
     117   00:CC01  FF 01 01 FF 01 01 FF 01 FF 01 01 FF 01 01 FF 01 
     117   00:CC11  FF 01 01 FF 01 01 FF 01 01 01 FF 01 FF 01 01 FF 
     118   00:CC21                          db -1,1,1,-1,1,1,-1,1,-1,1,1,-1,1,1,-1,1,-1,1,1,-1,1,1,-1,1,1,1,-1,1,-1,1,1,-1
     118   00:CC21  FF 01 01 FF 01 01 FF 01 FF 01 01 FF 01 01 FF 01 
     118   00:CC31  FF 01 01 FF 01 01 FF 01 01 01 FF 01 FF 01 01 FF 
     119   00:CC41                          db -1,1,1,-1,1,1,-1,1,-1,1,1,-1,1,1,-1,1,-1,1,1,-1,1,1,-1,1,1,1,-1,1,-1,1,1,-1
     119   00:CC41  FF 01 01 FF 01 01 FF 01 FF 01 01 FF 01 01 FF 01 
     119   00:CC51  FF 01 01 FF 01 01 FF 01 01 01 FF 01 FF 01 01 FF 
     120   00:CC61                          db -1,1,1,-1,1,1,-1,1,-1,1,1,-1,1,1,-1,1,-1,1,1,-1,1,1,-1,1,1,1,-1,1,-1,1,1,-1
     120   00:CC61  FF 01 01 FF 01 01 FF 01 FF 01 01 FF 01 01 FF 01 
     120   00:CC71  FF 01 01 FF 01 01 FF 01 01 01 FF 01 FF 01 01 FF 
     121   00:CC81                          db -1,1,1,-1,1,1,-1,1,-1,1,1,-1,1,1,-1,1,-1,1,1,-1,1,1,-1,1,1,1,-1,1,-1,1,1,-1
     121   00:CC81  FF 01 01 FF 01 01 FF 01 FF 01 01 FF 01 01 FF 01 
     121   00:CC91  FF 01 01 FF 01 01 FF 01 01 01 FF 01 FF 01 01 FF 
     122   00:CCA1                          db -1,1,1,-1,1,1,-1,1,-1,1,1,-1,1,1,-1,1,-1,1,1,-1,1,1,-1,1,1,1,-1,1,-1,-1,1,-1
     122   00:CCA1  FF 01 01 FF 01 01 FF 01 FF 01 01 FF 01 01 FF 01 
     122   00:CCB1  FF 01 01 FF 01 01 FF 01 01 01 FF 01 FF FF 01 FF 
     123   00:CCC1                          db -1,1,1,-1,-1,1,-1,1,-1,1,1,-1,1,1,-1,1,-1,1,1,-1,1,1,-1,1,1,1,-1,1,1,-1,1,-1
     123   00:CCC1  FF 01 01 FF FF 01 FF 01 FF 01 01 FF 01 01 FF 01 
     123   00:CCD1  FF 01 01 FF 01 01 FF 01 01 01 FF 01 01 FF 01 FF 
     124   00:CCE1                          db -1,1,1,1,-1,1,-1,1,-1,1,1,-1,1,1,-1,1,-1,1,1,-1,1,1,-1,1,1,1,-1,1,1,-1,1,-1
     124   00:CCE1  FF 01 01 01 FF 01 FF 01 FF 01 01 FF 01 01 FF 01 
     124   00:CCF1  FF 01 01 FF 01 01 FF 01 01 01 FF 01 01 FF 01 FF 
     125   00:CD01                          db -1,1,1,1,-1,1,-1,1,1,1,1,-1,1,1,-1,1,-1,1,1,-1,1,1,-1,1,1,1,-1,1,1,-1,1,-1
     125   00:CD01  FF 01 01 01 FF 01 FF 01 01 01 01 FF 01 01 FF 01 
     125   00:CD11  FF 01 01 FF 01 01 FF 01 01 01 FF 01 01 FF 01 FF 
     126   00:CD21                          db -1,1,1,1,-1,1,-1,1,1,1,1,-1,1,1,-1,1,-1,1,1,-1,1,1,-1,1,1,1,-1,1,1,-1,1,-1
     126   00:CD21  FF 01 01 01 FF 01 FF 01 01 01 01 FF 01 01 FF 01 
     126   00:CD31  FF 01 01 FF 01 01 FF 01 01 01 FF 01 01 FF 01 FF 
     127   00:CD41                          db -1,1,1,1,-1,1,-1,1,1,1,-1,-1,1,1,-1,1,-1,1,-1,-1,1,-1,-1,1,1,1,-1,1,1,-1,1,-1
     127   00:CD41  FF 01 01 01 FF 01 FF 01 01 01 FF FF 01 01 FF 01 
     127   00:CD51  FF 01 FF FF 01 FF FF 01 01 01 FF 01 01 FF 01 FF 
     128   00:CD61                          db -1,1,1,1,-1,1,-1,1,1,-1,-1,1,1,1,-1,-1,-1,-1,-1,1,1,-1,1,1,1,1,-1,1,1,-1,1,-1
     128   00:CD61  FF 01 01 01 FF 01 FF 01 01 FF FF 01 01 01 FF FF 
     128   00:CD71  FF FF FF 01 01 FF 01 01 01 01 FF 01 01 FF 01 FF 
     129   00:CD81                          db -1,-1,-1,-1,-1,1,-1,-1,-1,1,1,1,1,1,-1,-1,1,1,1,1,1,-1,-1,-1,-1,-1,1,1,1,-1,-1,1
     129   00:CD81  FF FF FF FF FF 01 FF FF FF 01 01 01 01 01 FF FF 
     129   00:CD91  01 01 01 01 01 FF FF FF FF FF 01 01 01 FF FF 01 
     130   00:CDA1                          db 1,1,1,1,1,1,1,1,1,1,1,1,1,1,1,1,1,1,1,1,1,1,1,1,1,1,1,1,1,1,1,1
     130   00:CDA1  01 01 01 01 01 01 01 01 01 01 01 01 01 01 01 01 
     130   00:CDB1  01 01 01 01 01 01 01 01 01 01 01 01 01 01 01 01 
     131   00:CDC1                         
     132   00:CDC1                      level5:
     133   00:CDC1                          
     134   00:CDC1                          db -1,-1,-1,1,1,1,1,1,1,1,1,1,1,1,1,1,1,1,1,1,1,1,1,1,1,1,1,1,1,1,1,1
     134   00:CDC1  FF FF FF 01 01 01 01 01 01 01 01 01 01 01 01 01 
     134   00:CDD1  01 01 01 01 01 01 01 01 01 01 01 01 01 01 01 01 
     135   00:CDE1                          db 3,3,3,1,1,-1,-1,-1,-1,-1,-1,-1,-1,-1,-1,-1,-1,-1,-1,1,-1,1,1,-1,-1,-1,-1,-1,-1,-1,-1,-1
     135   00:CDE1  03 03 03 01 01 FF FF FF FF FF FF FF FF FF FF FF 
     135   00:CDF1  FF FF FF 01 FF 01 01 FF FF FF FF FF FF FF FF FF 
     136   00:CE01                          db 3,3,3,1,1,-1,-1,-1,-1,-1,1,1,1,1,1,1,1,1,-1,1,-1,1,1,-1,1,1,1,1,1,-1,-1,-1
     136   00:CE01  03 03 03 01 01 FF FF FF FF FF 01 01 01 01 01 01 
     136   00:CE11  01 01 FF 01 FF 01 01 FF 01 01 01 01 01 FF FF FF 
     137   00:CE21                          db 1,1,-1,1,1,1,-1,1,1,1,1,1,1,1,1,1,1,1,-1,1,-1,1,1,-1,1,1,1,1,1,1,1,1
     137   00:CE21  01 01 FF 01 01 01 FF 01 01 01 01 01 01 01 01 01 
     137   00:CE31  01 01 FF 01 FF 01 01 FF 01 01 01 01 01 01 01 01 
     138   00:CE41                          db 1,1,-1,1,1,1,-1,1,1,-1,-1,-1,-1,-1,-1,-1,-1,-1,-1,1,-1,-1,1,-1,-1,-1,-1,-1,-1,-1,-1,1
     138   00:CE41  01 01 FF 01 01 01 FF 01 01 FF FF FF FF FF FF FF 
     138   00:CE51  FF FF FF 01 FF FF 01 FF FF FF FF FF FF FF FF 01 
     139   00:CE61                          db 1,1,-1,1,1,1,-1,1,1,-1,1,1,1,1,1,1,1,1,1,1,1,-1,1,1,1,1,1,1,1,1,-1,1
     139   00:CE61  01 01 FF 01 01 01 FF 01 01 FF 01 01 01 01 01 01 
     139   00:CE71  01 01 01 01 01 FF 01 01 01 01 01 01 01 01 FF 01 
     140   00:CE81                          db 1,1,1,-1,1,1,-1,1,1,-1,1,1,1,1,1,1,1,1,1,1,1,-1,-1,-1,-1,-1,-1,1,1,1,-1,1
     140   00:CE81  01 01 01 FF 01 01 FF 01 01 FF 01 01 01 01 01 01 
     140   00:CE91  01 01 01 01 01 FF FF FF FF FF FF 01 01 01 FF 01 
     141   00:CEA1                          db 1,1,1,-1,1,1,-1,1,1,-1,1,-1,-1,-1,-1,-1,-1,-1,-1,-1,-1,-1,-1,-1,-1,-1,-1,-1,-1,1,-1,1
     141   00:CEA1  01 01 01 FF 01 01 FF 01 01 FF 01 FF FF FF FF FF 
     141   00:CEB1  FF FF FF FF FF FF FF FF FF FF FF FF FF 01 FF 01 
     142   00:CEC1                          db 1,1,1,-1,1,1,-1,1,1,-1,-1,-1,1,1,1,1,1,1,1,1,1,1,1,1,1,1,1,1,-1,1,-1,1
     142   00:CEC1  01 01 01 FF 01 01 FF 01 01 FF FF FF 01 01 01 01 
     142   00:CED1  01 01 01 01 01 01 01 01 01 01 01 01 FF 01 FF 01 
     143   00:CEE1                          db 1,1,1,-1,-1,1,-1,1,1,1,1,1,1,1,1,1,1,1,1,1,1,1,1,-1,-1,-1,1,1,-1,1,-1,1
     143   00:CEE1  01 01 01 FF FF 01 FF 01 01 01 01 01 01 01 01 01 
     143   00:CEF1  01 01 01 01 01 01 01 FF FF FF 01 01 FF 01 FF 01 
     144   00:CF01                          db 1,1,1,1,-1,-1,-1,-1,1,1,1,1,1,1,-1,-1,-1,-1,-1,-1,-1,-1,1,-1,1,1,-1,1,-1,1,-1,1
     144   00:CF01  01 01 01 01 FF FF FF FF 01 01 01 01 01 01 FF FF 
     144   00:CF11  FF FF FF FF FF FF 01 FF 01 01 FF 01 FF 01 FF 01 
     145   00:CF21                          db 1,1,1,1,1,1,1,1,-1,-1,-1,-1,-1,-1,1,1,1,1,1,1,1,-1,1,-1,1,1,-1,1,-1,1,-1,1
     145   00:CF21  01 01 01 01 01 01 01 01 FF FF FF FF FF FF 01 01 
     145   00:CF31  01 01 01 01 01 FF 01 FF 01 01 FF 01 FF 01 FF 01 
     146   00:CF41                          db 1,1,1,1,1,1,1,1,1,1,1,1,1,1,1,1,1,1,1,1,1,-1,1,-1,1,1,-1,1,-1,1,-1,1
     146   00:CF41  01 01 01 01 01 01 01 01 01 01 01 01 01 01 01 01 
     146   00:CF51  01 01 01 01 01 FF 01 FF 01 01 FF 01 FF 01 FF 01 
     147   00:CF61                          db 1,1,1,1,1,1,1,1,1,1,1,1,1,1,1,1,1,1,1,1,1,-1,1,-1,1,1,-1,1,-1,1,-1,1
     147   00:CF61  01 01 01 01 01 01 01 01 01 01 01 01 01 01 01 01 
     147   00:CF71  01 01 01 01 01 FF 01 FF 01 01 FF 01 FF 01 FF 01 
     148   00:CF81                          db 1,1,-1,-1,-1,-1,-1,1,1,1,1,1,1,1,1,1,1,1,1,1,1,-1,1,-1,1,1,-1,1,1,1,1,-1
     148   00:CF81  01 01 FF FF FF FF FF 01 01 01 01 01 01 01 01 01 
     148   00:CF91  01 01 01 01 01 FF 01 FF 01 01 FF 01 01 01 01 FF 
     149   00:CFA1                          db 1,1,-1,1,1,1,-1,-1,-1,-1,-1,-1,-1,-1,-1,1,1,1,1,1,-1,-1,1,-1,1,1,-1,1,1,1,-1,-1
     149   00:CFA1  01 01 FF 01 01 01 FF FF FF FF FF FF FF FF FF 01 
     149   00:CFB1  01 01 01 01 FF FF 01 FF 01 01 FF 01 01 01 FF FF 
     150   00:CFC1                          db 1,1,-1,1,1,1,1,1,1,1,1,1,1,1,-1,-1,-1,-1,-1,-1,1,1,-1,-1,1,1,-1,1,1,1,-1,1
     150   00:CFC1  01 01 FF 01 01 01 01 01 01 01 01 01 01 01 FF FF 
     150   00:CFD1  FF FF FF FF 01 01 FF FF 01 01 FF 01 01 01 FF 01 
     151   00:CFE1                          db 1,1,-1,-1,1,1,1,-1,-1,-1,-1,1,1,1,1,1,1,1,-1,1,1,1,-1,1,1,1,-1,-1,1,1,-1,1
     151   00:CFE1  01 01 FF FF 01 01 01 FF FF FF FF 01 01 01 01 01 
     151   00:CFF1  01 01 FF 01 01 01 FF 01 01 01 FF FF 01 01 FF 01 
     152   00:D001                          db 1,1,1,-1,-1,1,1,1,1,1,-1,-1,-1,-1,-1,-1,-1,-1,-1,1,1,1,-1,1,1,1,1,-1,1,1,-1,1
     152   00:D001  01 01 01 FF FF 01 01 01 01 01 FF FF FF FF FF FF 
     152   00:D011  FF FF FF 01 01 01 FF 01 01 01 01 FF 01 01 FF 01 
     153   00:D021                          db 1,1,1,1,-1,-1,-1,-1,-1,1,1,1,1,1,1,1,1,1,1,1,1,1,-1,1,1,1,1,-1,-1,-1,-1,1
     153   00:D021  01 01 01 01 FF FF FF FF FF 01 01 01 01 01 01 01 
     153   00:D031  01 01 01 01 01 01 FF 01 01 01 01 FF FF FF FF 01 
     154   00:D041                          db 1,1,1,1,1,1,1,1,-1,-1,-1,-1,-1,-1,-1,-1,-1,-1,-1,-1,-1,-1,-1,1,1,1,1,1,1,1,1,1
     154   00:D041  01 01 01 01 01 01 01 01 FF FF FF FF FF FF FF FF 
     154   00:D051  FF FF FF FF FF FF FF 01 01 01 01 01 01 01 01 01 
     155   00:D061                          db 1,1,1,1,1,1,1,1,1,1,1,1,1,1,1,1,1,1,1,1,1,1,1,1,1,1,1,1,1,1,1,1
     155   00:D061  01 01 01 01 01 01 01 01 01 01 01 01 01 01 01 01 
     155   00:D071  01 01 01 01 01 01 01 01 01 01 01 01 01 01 01 01 
     156   00:D081                      
     157   00:D081                      FINAL:

    LABELS
-------------------------------------------------
00:0000C000   INICIO
00:0000C001 X level0
00:0000C2C1 X level1
00:0000C581 X level2
00:0000C841 X level3
00:0000CB01 X level4
00:0000CDC1 X level5
00:0000D081   FINAL


 Output: src\word1.out
-------------------------------------------------

 Page: 00
  Org: 0000C000  Size: *  Used: 00000000

    No output

 Output: word1.bin
-------------------------------------------------

 Page: 00
  Org: 0000C000  Size: *  Used: 00001088

   Address   Length Align   Label
   0000C000    4232         INICIO
